2012-03-22 15:30:23 Error: [MissingControllerException] Controller class PasarsController could not be found.
#0 /var/www/cake/app/webroot/index.php(96): Dispatcher->dispatch(Object(CakeRequest), Object(CakeResponse))
#1 {main}
2012-03-22 15:30:40 Error: [MissingControllerException] Controller class PasarsController could not be found.
#0 /var/www/cake/app/webroot/index.php(96): Dispatcher->dispatch(Object(CakeRequest), Object(CakeResponse))
#1 {main}
2012-03-22 15:30:40 Error: [MissingControllerException] Controller class PasarsController could not be found.
#0 /var/www/cake/app/webroot/index.php(96): Dispatcher->dispatch(Object(CakeRequest), Object(CakeResponse))
#1 {main}
2012-03-22 15:30:40 Error: [MissingControllerException] Controller class PasarsController could not be found.
#0 /var/www/cake/app/webroot/index.php(96): Dispatcher->dispatch(Object(CakeRequest), Object(CakeResponse))
#1 {main}
2012-03-22 15:30:40 Error: [MissingControllerException] Controller class PasarsController could not be found.
#0 /var/www/cake/app/webroot/index.php(96): Dispatcher->dispatch(Object(CakeRequest), Object(CakeResponse))
#1 {main}
2012-03-22 15:30:40 Error: [MissingControllerException] Controller class PasarsController could not be found.
#0 /var/www/cake/app/webroot/index.php(96): Dispatcher->dispatch(Object(CakeRequest), Object(CakeResponse))
#1 {main}
2012-03-22 15:30:40 Error: [MissingControllerException] Controller class PasarsController could not be found.
#0 /var/www/cake/app/webroot/index.php(96): Dispatcher->dispatch(Object(CakeRequest), Object(CakeResponse))
#1 {main}
2012-03-22 15:30:49 Error: [MissingControllerException] Controller class PasarsController could not be found.
#0 /var/www/cake/app/webroot/index.php(96): Dispatcher->dispatch(Object(CakeRequest), Object(CakeResponse))
#1 {main}
2012-03-22 15:32:24 Error: [MissingControllerException] Controller class PasarsController could not be found.
#0 /var/www/cake/app/webroot/index.php(96): Dispatcher->dispatch(Object(CakeRequest), Object(CakeResponse))
#1 {main}
2012-03-22 15:33:21 Error: [MissingControllerException] Controller class PasarsController could not be found.
#0 /var/www/cake/app/webroot/index.php(96): Dispatcher->dispatch(Object(CakeRequest), Object(CakeResponse))
#1 {main}
2012-03-22 15:33:22 Error: [MissingControllerException] Controller class PasarsController could not be found.
#0 /var/www/cake/app/webroot/index.php(96): Dispatcher->dispatch(Object(CakeRequest), Object(CakeResponse))
#1 {main}
2012-03-22 15:33:28 Error: [MissingControllerException] Controller class PasarController could not be found.
#0 /var/www/cake/app/webroot/index.php(96): Dispatcher->dispatch(Object(CakeRequest), Object(CakeResponse))
#1 {main}
2012-03-22 15:33:33 Error: [MissingControllerException] Controller class PasarsController could not be found.
#0 /var/www/cake/app/webroot/index.php(96): Dispatcher->dispatch(Object(CakeRequest), Object(CakeResponse))
#1 {main}
2012-03-22 15:34:07 Error: [MissingControllerException] Controller class AdminController could not be found.
#0 /var/www/cake/app/webroot/index.php(96): Dispatcher->dispatch(Object(CakeRequest), Object(CakeResponse))
#1 {main}
2012-03-22 15:35:18 Error: [MissingControllerException] Controller class AdminController could not be found.
#0 /var/www/cake/app/webroot/index.php(96): Dispatcher->dispatch(Object(CakeRequest), Object(CakeResponse))
#1 {main}
2012-03-22 15:35:18 Error: [MissingControllerException] Controller class AdminController could not be found.
#0 /var/www/cake/app/webroot/index.php(96): Dispatcher->dispatch(Object(CakeRequest), Object(CakeResponse))
#1 {main}
2012-03-22 15:35:22 Error: [MissingViewException] View file "/var/www/cake/app/View/Pasars/index.ctp" is missing.
#0 /var/www/cake/lib/Cake/View/View.php(360): View->_getViewFileName(NULL)
#1 /var/www/cake/lib/Cake/Controller/Controller.php(900): View->render(NULL, NULL)
#2 /var/www/cake/lib/Cake/Routing/Dispatcher.php(111): Controller->render()
#3 /var/www/cake/lib/Cake/Routing/Dispatcher.php(86): Dispatcher->_invoke(Object(PasarsController), Object(CakeRequest), Object(CakeResponse))
#4 /var/www/cake/app/webroot/index.php(96): Dispatcher->dispatch(Object(CakeRequest), Object(CakeResponse))
#5 {main}
2012-03-22 15:53:57 Error: [MissingActionException] Action PasarsController::add() could not be found.
#0 /var/www/cake/lib/Cake/Routing/Dispatcher.php(104): Controller->invokeAction(Object(CakeRequest))
#1 /var/www/cake/lib/Cake/Routing/Dispatcher.php(86): Dispatcher->_invoke(Object(PasarsController), Object(CakeRequest), Object(CakeResponse))
#2 /var/www/cake/app/webroot/index.php(96): Dispatcher->dispatch(Object(CakeRequest), Object(CakeResponse))
#3 {main}
2012-03-22 22:53:57 Error: [MissingViewException] View file "/var/www/cake/app/View/Koordinators/add.ctp" is missing.
#0 /var/www/cake/lib/Cake/View/View.php(360): View->_getViewFileName(NULL)
#1 /var/www/cake/lib/Cake/Controller/Controller.php(900): View->render(NULL, NULL)
#2 /var/www/cake/lib/Cake/Routing/Dispatcher.php(111): Controller->render()
#3 /var/www/cake/lib/Cake/Routing/Dispatcher.php(86): Dispatcher->_invoke(Object(KoordinatorsController), Object(CakeRequest), Object(CakeResponse))
#4 /var/www/cake/app/webroot/index.php(96): Dispatcher->dispatch(Object(CakeRequest), Object(CakeResponse))
#5 {main}
2012-03-23 00:59:39 Error: [PDOException] SQLSTATE[42S22]: Column not found: 1054 Unknown column 'Pasar.koordinator_id' in 'on clause'
#0 /var/www/cake/lib/Cake/Model/Datasource/DboSource.php(436): PDOStatement->execute(Array)
#1 /var/www/cake/lib/Cake/Model/Datasource/DboSource.php(403): DboSource->_execute('SELECT `Koordin...', Array)
#2 /var/www/cake/lib/Cake/Model/Datasource/DboSource.php(647): DboSource->execute('SELECT `Koordin...', Array, Array)
#3 /var/www/cake/lib/Cake/Model/Datasource/DboSource.php(1040): DboSource->fetchAll('SELECT `Koordin...', false)
#4 /var/www/cake/lib/Cake/Model/Model.php(2483): DboSource->read(Object(Koordinator), Array)
#5 /var/www/cake/lib/Cake/Model/Model.php(1436): Model->find('first', Array)
#6 /var/www/cake/app/Controller/KoordinatorsController.php(28): Model->read()
#7 [internal function]: KoordinatorsController->edit('3')
#8 /var/www/cake/lib/Cake/Controller/Controller.php(473): ReflectionMethod->invokeArgs(Object(KoordinatorsController), Array)
#9 /var/www/cake/lib/Cake/Routing/Dispatcher.php(104): Controller->invokeAction(Object(CakeRequest))
#10 /var/www/cake/lib/Cake/Routing/Dispatcher.php(86): Dispatcher->_invoke(Object(KoordinatorsController), Object(CakeRequest), Object(CakeResponse))
#11 /var/www/cake/app/webroot/index.php(96): Dispatcher->dispatch(Object(CakeRequest), Object(CakeResponse))
#12 {main}
2012-03-23 00:59:43 Error: [PDOException] SQLSTATE[42S22]: Column not found: 1054 Unknown column 'Pasar.koordinator_id' in 'on clause'
#0 /var/www/cake/lib/Cake/Model/Datasource/DboSource.php(436): PDOStatement->execute(Array)
#1 /var/www/cake/lib/Cake/Model/Datasource/DboSource.php(403): DboSource->_execute('SELECT `Koordin...', Array)
#2 /var/www/cake/lib/Cake/Model/Datasource/DboSource.php(647): DboSource->execute('SELECT `Koordin...', Array, Array)
#3 /var/www/cake/lib/Cake/Model/Datasource/DboSource.php(1040): DboSource->fetchAll('SELECT `Koordin...', false)
#4 /var/www/cake/lib/Cake/Model/Model.php(2483): DboSource->read(Object(Koordinator), Array)
#5 /var/www/cake/lib/Cake/Model/Model.php(1436): Model->find('first', Array)
#6 /var/www/cake/app/Controller/KoordinatorsController.php(28): Model->read()
#7 [internal function]: KoordinatorsController->edit('21')
#8 /var/www/cake/lib/Cake/Controller/Controller.php(473): ReflectionMethod->invokeArgs(Object(KoordinatorsController), Array)
#9 /var/www/cake/lib/Cake/Routing/Dispatcher.php(104): Controller->invokeAction(Object(CakeRequest))
#10 /var/www/cake/lib/Cake/Routing/Dispatcher.php(86): Dispatcher->_invoke(Object(KoordinatorsController), Object(CakeRequest), Object(CakeResponse))
#11 /var/www/cake/app/webroot/index.php(96): Dispatcher->dispatch(Object(CakeRequest), Object(CakeResponse))
#12 {main}
2012-03-23 00:59:53 Error: [PDOException] SQLSTATE[42S22]: Column not found: 1054 Unknown column 'Pasar.koordinator_id' in 'on clause'
#0 /var/www/cake/lib/Cake/Model/Datasource/DboSource.php(436): PDOStatement->execute(Array)
#1 /var/www/cake/lib/Cake/Model/Datasource/DboSource.php(403): DboSource->_execute('SELECT `Koordin...', Array)
#2 /var/www/cake/lib/Cake/Model/Datasource/DboSource.php(647): DboSource->execute('SELECT `Koordin...', Array, Array)
#3 /var/www/cake/lib/Cake/Model/Datasource/DboSource.php(1040): DboSource->fetchAll('SELECT `Koordin...', false)
#4 /var/www/cake/lib/Cake/Model/Model.php(2483): DboSource->read(Object(Koordinator), Array)
#5 /var/www/cake/app/Controller/KoordinatorsController.php(10): Model->find('all')
#6 [internal function]: KoordinatorsController->index()
#7 /var/www/cake/lib/Cake/Controller/Controller.php(473): ReflectionMethod->invokeArgs(Object(KoordinatorsController), Array)
#8 /var/www/cake/lib/Cake/Routing/Dispatcher.php(104): Controller->invokeAction(Object(CakeRequest))
#9 /var/www/cake/lib/Cake/Routing/Dispatcher.php(86): Dispatcher->_invoke(Object(KoordinatorsController), Object(CakeRequest), Object(CakeResponse))
#10 /var/www/cake/app/webroot/index.php(96): Dispatcher->dispatch(Object(CakeRequest), Object(CakeResponse))
#11 {main}
2012-03-23 01:20:52 Error: [MissingControllerException] Controller class BarangController could not be found.
#0 /var/www/cake/app/webroot/index.php(96): Dispatcher->dispatch(Object(CakeRequest), Object(CakeResponse))
#1 {main}
2012-03-23 01:20:56 Error: [MissingControllerException] Controller class BarangsController could not be found.
#0 /var/www/cake/app/webroot/index.php(96): Dispatcher->dispatch(Object(CakeRequest), Object(CakeResponse))
#1 {main}
2012-03-23 01:48:26 Error: [PDOException] SQLSTATE[42000]: Syntax error or access violation: 1064 You have an error in your SQL syntax; check the manual that corresponds to your MySQL server version for the right syntax to use near 'getList' at line 1
#0 /var/www/cake/lib/Cake/Model/Datasource/DboSource.php(436): PDOStatement->execute(Array)
#1 /var/www/cake/lib/Cake/Model/Datasource/DboSource.php(403): DboSource->_execute('getList', Array)
#2 /var/www/cake/lib/Cake/Model/Datasource/DboSource.php(647): DboSource->execute('getList', Array, Array)
#3 /var/www/cake/lib/Cake/Model/Datasource/DboSource.php(589): DboSource->fetchAll('getList', Array, Array)
#4 /var/www/cake/lib/Cake/Model/Model.php(720): DboSource->query('getList', Array, Object(Pasar))
#5 /var/www/cake/app/Controller/KoordinatorsController.php(51): Model->__call('getList', Array)
#6 /var/www/cake/app/Controller/KoordinatorsController.php(51): Pasar->getList()
#7 [internal function]: KoordinatorsController->list_pasar()
#8 /var/www/cake/lib/Cake/Controller/Controller.php(473): ReflectionMethod->invokeArgs(Object(KoordinatorsController), Array)
#9 /var/www/cake/lib/Cake/Routing/Dispatcher.php(104): Controller->invokeAction(Object(CakeRequest))
#10 /var/www/cake/lib/Cake/Routing/Dispatcher.php(86): Dispatcher->_invoke(Object(KoordinatorsController), Object(CakeRequest), Object(CakeResponse))
#11 /var/www/cake/app/webroot/index.php(96): Dispatcher->dispatch(Object(CakeRequest), Object(CakeResponse))
#12 {main}
2012-03-23 01:49:43 Error: [MissingViewException] View file "/var/www/cake/app/View/Pasars/get_list.ctp" is missing.
#0 /var/www/cake/lib/Cake/View/View.php(360): View->_getViewFileName(NULL)
#1 /var/www/cake/lib/Cake/Controller/Controller.php(900): View->render(NULL, NULL)
#2 /var/www/cake/lib/Cake/Routing/Dispatcher.php(111): Controller->render()
#3 /var/www/cake/lib/Cake/Routing/Dispatcher.php(86): Dispatcher->_invoke(Object(PasarsController), Object(CakeRequest), Object(CakeResponse))
#4 /var/www/cake/app/webroot/index.php(96): Dispatcher->dispatch(Object(CakeRequest), Object(CakeResponse))
#5 {main}
2012-03-23 01:50:12 Error: [MissingViewException] View file "/var/www/cake/app/View/Pasars/get_list.ctp" is missing.
#0 /var/www/cake/lib/Cake/View/View.php(360): View->_getViewFileName(NULL)
#1 /var/www/cake/lib/Cake/Controller/Controller.php(900): View->render(NULL, NULL)
#2 /var/www/cake/lib/Cake/Routing/Dispatcher.php(111): Controller->render()
#3 /var/www/cake/lib/Cake/Routing/Dispatcher.php(86): Dispatcher->_invoke(Object(PasarsController), Object(CakeRequest), Object(CakeResponse))
#4 /var/www/cake/app/webroot/index.php(96): Dispatcher->dispatch(Object(CakeRequest), Object(CakeResponse))
#5 {main}
2012-03-25 21:23:32 Error: [MissingControllerException] Controller class BarangsController could not be found.
#0 /var/www/cake/app/webroot/index.php(96): Dispatcher->dispatch(Object(CakeRequest), Object(CakeResponse))
#1 {main}
2012-03-25 21:33:07 Error: [MissingViewException] View file "/var/www/cake/app/View/Barangs/edit.ctp" is missing.
#0 /var/www/cake/lib/Cake/View/View.php(360): View->_getViewFileName(NULL)
#1 /var/www/cake/lib/Cake/Controller/Controller.php(900): View->render(NULL, NULL)
#2 /var/www/cake/lib/Cake/Routing/Dispatcher.php(111): Controller->render()
#3 /var/www/cake/lib/Cake/Routing/Dispatcher.php(86): Dispatcher->_invoke(Object(BarangsController), Object(CakeRequest), Object(CakeResponse))
#4 /var/www/cake/app/webroot/index.php(96): Dispatcher->dispatch(Object(CakeRequest), Object(CakeResponse))
#5 {main}
2012-03-25 22:25:24 Error: [PDOException] SQLSTATE[42S22]: Column not found: 1054 Unknown column 'Pasar.' in 'where clause'
#0 /var/www/cake/lib/Cake/Model/Datasource/DboSource.php(436): PDOStatement->execute(Array)
#1 /var/www/cake/lib/Cake/Model/Datasource/DboSource.php(403): DboSource->_execute('SELECT `Pasar`....', Array)
#2 /var/www/cake/lib/Cake/Model/Datasource/DboSource.php(647): DboSource->execute('SELECT `Pasar`....', Array, Array)
#3 /var/www/cake/lib/Cake/Model/Datasource/DboSource.php(1040): DboSource->fetchAll('SELECT `Pasar`....', false)
#4 /var/www/cake/lib/Cake/Model/Model.php(2483): DboSource->read(Object(AppModel), Array)
#5 /var/www/cake/lib/Cake/Model/Datasource/DboSource.php(570): Model->find('all', Array)
#6 /var/www/cake/lib/Cake/Model/Model.php(720): DboSource->query('findAllBy', Array, Object(AppModel))
#7 /var/www/cake/app/Controller/BarangsController.php(38): Model->__call('findAllBy', Array)
#8 /var/www/cake/app/Controller/BarangsController.php(38): AppModel->findAllBy('16')
#9 [internal function]: BarangsController->edit('16')
#10 /var/www/cake/lib/Cake/Controller/Controller.php(473): ReflectionMethod->invokeArgs(Object(BarangsController), Array)
#11 /var/www/cake/lib/Cake/Routing/Dispatcher.php(104): Controller->invokeAction(Object(CakeRequest))
#12 /var/www/cake/lib/Cake/Routing/Dispatcher.php(86): Dispatcher->_invoke(Object(BarangsController), Object(CakeRequest), Object(CakeResponse))
#13 /var/www/cake/app/webroot/index.php(96): Dispatcher->dispatch(Object(CakeRequest), Object(CakeResponse))
#14 {main}
2012-03-25 22:40:24 Error: [PDOException] SQLSTATE[42000]: Syntax error or access violation: 1064 You have an error in your SQL syntax; check the manual that corresponds to your MySQL server version for the right syntax to use near 'id' at line 1
#0 /var/www/cake/lib/Cake/Model/Datasource/DboSource.php(436): PDOStatement->execute(Array)
#1 /var/www/cake/lib/Cake/Model/Datasource/DboSource.php(403): DboSource->_execute('id', Array)
#2 /var/www/cake/lib/Cake/Model/Datasource/DboSource.php(647): DboSource->execute('id', Array, Array)
#3 /var/www/cake/lib/Cake/Model/Datasource/DboSource.php(589): DboSource->fetchAll('id', Array, Array)
#4 /var/www/cake/lib/Cake/Model/Model.php(720): DboSource->query('id', Array, Object(AppModel))
#5 /var/www/cake/app/Controller/BarangsController.php(38): Model->__call('id', Array)
#6 /var/www/cake/app/Controller/BarangsController.php(38): AppModel->id('16')
#7 [internal function]: BarangsController->edit('16')
#8 /var/www/cake/lib/Cake/Controller/Controller.php(473): ReflectionMethod->invokeArgs(Object(BarangsController), Array)
#9 /var/www/cake/lib/Cake/Routing/Dispatcher.php(104): Controller->invokeAction(Object(CakeRequest))
#10 /var/www/cake/lib/Cake/Routing/Dispatcher.php(86): Dispatcher->_invoke(Object(BarangsController), Object(CakeRequest), Object(CakeResponse))
#11 /var/www/cake/app/webroot/index.php(96): Dispatcher->dispatch(Object(CakeRequest), Object(CakeResponse))
#12 {main}
2012-03-26 01:21:52 Error: [PDOException] SQLSTATE[42S22]: Column not found: 1054 Unknown column 'Pasar.pasar_id' in 'on clause'
#0 /var/www/cake/lib/Cake/Model/Datasource/DboSource.php(436): PDOStatement->execute(Array)
#1 /var/www/cake/lib/Cake/Model/Datasource/DboSource.php(403): DboSource->_execute('SELECT `Barang`...', Array)
#2 /var/www/cake/lib/Cake/Model/Datasource/DboSource.php(647): DboSource->execute('SELECT `Barang`...', Array, Array)
#3 /var/www/cake/lib/Cake/Model/Datasource/DboSource.php(1040): DboSource->fetchAll('SELECT `Barang`...', false)
#4 /var/www/cake/lib/Cake/Model/Model.php(2483): DboSource->read(Object(Barang), Array)
#5 /var/www/cake/app/Controller/BarangsController.php(10): Model->find('all')
#6 [internal function]: BarangsController->index()
#7 /var/www/cake/lib/Cake/Controller/Controller.php(473): ReflectionMethod->invokeArgs(Object(BarangsController), Array)
#8 /var/www/cake/lib/Cake/Routing/Dispatcher.php(104): Controller->invokeAction(Object(CakeRequest))
#9 /var/www/cake/lib/Cake/Routing/Dispatcher.php(86): Dispatcher->_invoke(Object(BarangsController), Object(CakeRequest), Object(CakeResponse))
#10 /var/www/cake/app/webroot/index.php(96): Dispatcher->dispatch(Object(CakeRequest), Object(CakeResponse))
#11 {main}
2012-03-26 01:25:51 Error: [PDOException] SQLSTATE[42S22]: Column not found: 1054 Unknown column 'Pasar.pasar_id' in 'on clause'
#0 /var/www/cake/lib/Cake/Model/Datasource/DboSource.php(436): PDOStatement->execute(Array)
#1 /var/www/cake/lib/Cake/Model/Datasource/DboSource.php(403): DboSource->_execute('SELECT `Barang`...', Array)
#2 /var/www/cake/lib/Cake/Model/Datasource/DboSource.php(647): DboSource->execute('SELECT `Barang`...', Array, Array)
#3 /var/www/cake/lib/Cake/Model/Datasource/DboSource.php(1040): DboSource->fetchAll('SELECT `Barang`...', false)
#4 /var/www/cake/lib/Cake/Model/Model.php(2483): DboSource->read(Object(Barang), Array)
#5 /var/www/cake/app/Controller/BarangsController.php(10): Model->find('all')
#6 [internal function]: BarangsController->index()
#7 /var/www/cake/lib/Cake/Controller/Controller.php(473): ReflectionMethod->invokeArgs(Object(BarangsController), Array)
#8 /var/www/cake/lib/Cake/Routing/Dispatcher.php(104): Controller->invokeAction(Object(CakeRequest))
#9 /var/www/cake/lib/Cake/Routing/Dispatcher.php(86): Dispatcher->_invoke(Object(BarangsController), Object(CakeRequest), Object(CakeResponse))
#10 /var/www/cake/app/webroot/index.php(96): Dispatcher->dispatch(Object(CakeRequest), Object(CakeResponse))
#11 {main}
2012-03-26 01:26:43 Error: [PDOException] SQLSTATE[42S22]: Column not found: 1054 Unknown column 'Pasar.pasar_id' in 'on clause'
#0 /var/www/cake/lib/Cake/Model/Datasource/DboSource.php(436): PDOStatement->execute(Array)
#1 /var/www/cake/lib/Cake/Model/Datasource/DboSource.php(403): DboSource->_execute('SELECT `Barang`...', Array)
#2 /var/www/cake/lib/Cake/Model/Datasource/DboSource.php(647): DboSource->execute('SELECT `Barang`...', Array, Array)
#3 /var/www/cake/lib/Cake/Model/Datasource/DboSource.php(1040): DboSource->fetchAll('SELECT `Barang`...', false)
#4 /var/www/cake/lib/Cake/Model/Model.php(2483): DboSource->read(Object(Barang), Array)
#5 /var/www/cake/app/Controller/BarangsController.php(10): Model->find('all')
#6 [internal function]: BarangsController->index()
#7 /var/www/cake/lib/Cake/Controller/Controller.php(473): ReflectionMethod->invokeArgs(Object(BarangsController), Array)
#8 /var/www/cake/lib/Cake/Routing/Dispatcher.php(104): Controller->invokeAction(Object(CakeRequest))
#9 /var/www/cake/lib/Cake/Routing/Dispatcher.php(86): Dispatcher->_invoke(Object(BarangsController), Object(CakeRequest), Object(CakeResponse))
#10 /var/www/cake/app/webroot/index.php(96): Dispatcher->dispatch(Object(CakeRequest), Object(CakeResponse))
#11 {main}
2012-03-26 01:26:44 Error: [PDOException] SQLSTATE[42S22]: Column not found: 1054 Unknown column 'Pasar.pasar_id' in 'on clause'
#0 /var/www/cake/lib/Cake/Model/Datasource/DboSource.php(436): PDOStatement->execute(Array)
#1 /var/www/cake/lib/Cake/Model/Datasource/DboSource.php(403): DboSource->_execute('SELECT `Barang`...', Array)
#2 /var/www/cake/lib/Cake/Model/Datasource/DboSource.php(647): DboSource->execute('SELECT `Barang`...', Array, Array)
#3 /var/www/cake/lib/Cake/Model/Datasource/DboSource.php(1040): DboSource->fetchAll('SELECT `Barang`...', false)
#4 /var/www/cake/lib/Cake/Model/Model.php(2483): DboSource->read(Object(Barang), Array)
#5 /var/www/cake/app/Controller/BarangsController.php(10): Model->find('all')
#6 [internal function]: BarangsController->index()
#7 /var/www/cake/lib/Cake/Controller/Controller.php(473): ReflectionMethod->invokeArgs(Object(BarangsController), Array)
#8 /var/www/cake/lib/Cake/Routing/Dispatcher.php(104): Controller->invokeAction(Object(CakeRequest))
#9 /var/www/cake/lib/Cake/Routing/Dispatcher.php(86): Dispatcher->_invoke(Object(BarangsController), Object(CakeRequest), Object(CakeResponse))
#10 /var/www/cake/app/webroot/index.php(96): Dispatcher->dispatch(Object(CakeRequest), Object(CakeResponse))
#11 {main}
2012-03-26 01:36:29 Error: [PDOException] SQLSTATE[42000]: Syntax error or access violation: 1064 You have an error in your SQL syntax; check the manual that corresponds to your MySQL server version for the right syntax to use near 'id' at line 1
#0 /var/www/cake/lib/Cake/Model/Datasource/DboSource.php(436): PDOStatement->execute(Array)
#1 /var/www/cake/lib/Cake/Model/Datasource/DboSource.php(403): DboSource->_execute('id', Array)
#2 /var/www/cake/lib/Cake/Model/Datasource/DboSource.php(647): DboSource->execute('id', Array, Array)
#3 /var/www/cake/lib/Cake/Model/Datasource/DboSource.php(589): DboSource->fetchAll('id', Array, Array)
#4 /var/www/cake/lib/Cake/Model/Model.php(720): DboSource->query('id', Array, Object(Pasar))
#5 /var/www/cake/app/Controller/BarangsController.php(39): Model->__call('id', Array)
#6 /var/www/cake/app/Controller/BarangsController.php(39): Pasar->id('18')
#7 [internal function]: BarangsController->edit('18')
#8 /var/www/cake/lib/Cake/Controller/Controller.php(473): ReflectionMethod->invokeArgs(Object(BarangsController), Array)
#9 /var/www/cake/lib/Cake/Routing/Dispatcher.php(104): Controller->invokeAction(Object(CakeRequest))
#10 /var/www/cake/lib/Cake/Routing/Dispatcher.php(86): Dispatcher->_invoke(Object(BarangsController), Object(CakeRequest), Object(CakeResponse))
#11 /var/www/cake/app/webroot/index.php(96): Dispatcher->dispatch(Object(CakeRequest), Object(CakeResponse))
#12 {main}
2012-03-26 01:38:04 Error: [PDOException] SQLSTATE[42000]: Syntax error or access violation: 1064 You have an error in your SQL syntax; check the manual that corresponds to your MySQL server version for the right syntax to use near 'id' at line 1
#0 /var/www/cake/lib/Cake/Model/Datasource/DboSource.php(436): PDOStatement->execute(Array)
#1 /var/www/cake/lib/Cake/Model/Datasource/DboSource.php(403): DboSource->_execute('id', Array)
#2 /var/www/cake/lib/Cake/Model/Datasource/DboSource.php(647): DboSource->execute('id', Array, Array)
#3 /var/www/cake/lib/Cake/Model/Datasource/DboSource.php(589): DboSource->fetchAll('id', Array, Array)
#4 /var/www/cake/lib/Cake/Model/Model.php(720): DboSource->query('id', Array, Object(Pasar))
#5 /var/www/cake/app/Controller/BarangsController.php(39): Model->__call('id', Array)
#6 /var/www/cake/app/Controller/BarangsController.php(39): Pasar->id('17')
#7 [internal function]: BarangsController->edit('17')
#8 /var/www/cake/lib/Cake/Controller/Controller.php(473): ReflectionMethod->invokeArgs(Object(BarangsController), Array)
#9 /var/www/cake/lib/Cake/Routing/Dispatcher.php(104): Controller->invokeAction(Object(CakeRequest))
#10 /var/www/cake/lib/Cake/Routing/Dispatcher.php(86): Dispatcher->_invoke(Object(BarangsController), Object(CakeRequest), Object(CakeResponse))
#11 /var/www/cake/app/webroot/index.php(96): Dispatcher->dispatch(Object(CakeRequest), Object(CakeResponse))
#12 {main}
2012-03-26 01:38:16 Error: [PDOException] SQLSTATE[42000]: Syntax error or access violation: 1064 You have an error in your SQL syntax; check the manual that corresponds to your MySQL server version for the right syntax to use near 'id' at line 1
#0 /var/www/cake/lib/Cake/Model/Datasource/DboSource.php(436): PDOStatement->execute(Array)
#1 /var/www/cake/lib/Cake/Model/Datasource/DboSource.php(403): DboSource->_execute('id', Array)
#2 /var/www/cake/lib/Cake/Model/Datasource/DboSource.php(647): DboSource->execute('id', Array, Array)
#3 /var/www/cake/lib/Cake/Model/Datasource/DboSource.php(589): DboSource->fetchAll('id', Array, Array)
#4 /var/www/cake/lib/Cake/Model/Model.php(720): DboSource->query('id', Array, Object(Barang))
#5 /var/www/cake/app/Controller/BarangsController.php(39): Model->__call('id', Array)
#6 /var/www/cake/app/Controller/BarangsController.php(39): Barang->id('17')
#7 [internal function]: BarangsController->edit('17')
#8 /var/www/cake/lib/Cake/Controller/Controller.php(473): ReflectionMethod->invokeArgs(Object(BarangsController), Array)
#9 /var/www/cake/lib/Cake/Routing/Dispatcher.php(104): Controller->invokeAction(Object(CakeRequest))
#10 /var/www/cake/lib/Cake/Routing/Dispatcher.php(86): Dispatcher->_invoke(Object(BarangsController), Object(CakeRequest), Object(CakeResponse))
#11 /var/www/cake/app/webroot/index.php(96): Dispatcher->dispatch(Object(CakeRequest), Object(CakeResponse))
#12 {main}
2012-03-26 01:38:16 Error: [PDOException] SQLSTATE[42000]: Syntax error or access violation: 1064 You have an error in your SQL syntax; check the manual that corresponds to your MySQL server version for the right syntax to use near 'id' at line 1
#0 /var/www/cake/lib/Cake/Model/Datasource/DboSource.php(436): PDOStatement->execute(Array)
#1 /var/www/cake/lib/Cake/Model/Datasource/DboSource.php(403): DboSource->_execute('id', Array)
#2 /var/www/cake/lib/Cake/Model/Datasource/DboSource.php(647): DboSource->execute('id', Array, Array)
#3 /var/www/cake/lib/Cake/Model/Datasource/DboSource.php(589): DboSource->fetchAll('id', Array, Array)
#4 /var/www/cake/lib/Cake/Model/Model.php(720): DboSource->query('id', Array, Object(Barang))
#5 /var/www/cake/app/Controller/BarangsController.php(39): Model->__call('id', Array)
#6 /var/www/cake/app/Controller/BarangsController.php(39): Barang->id('17')
#7 [internal function]: BarangsController->edit('17')
#8 /var/www/cake/lib/Cake/Controller/Controller.php(473): ReflectionMethod->invokeArgs(Object(BarangsController), Array)
#9 /var/www/cake/lib/Cake/Routing/Dispatcher.php(104): Controller->invokeAction(Object(CakeRequest))
#10 /var/www/cake/lib/Cake/Routing/Dispatcher.php(86): Dispatcher->_invoke(Object(BarangsController), Object(CakeRequest), Object(CakeResponse))
#11 /var/www/cake/app/webroot/index.php(96): Dispatcher->dispatch(Object(CakeRequest), Object(CakeResponse))
#12 {main}
2012-03-26 01:38:19 Error: [PDOException] SQLSTATE[42000]: Syntax error or access violation: 1064 You have an error in your SQL syntax; check the manual that corresponds to your MySQL server version for the right syntax to use near 'id' at line 1
#0 /var/www/cake/lib/Cake/Model/Datasource/DboSource.php(436): PDOStatement->execute(Array)
#1 /var/www/cake/lib/Cake/Model/Datasource/DboSource.php(403): DboSource->_execute('id', Array)
#2 /var/www/cake/lib/Cake/Model/Datasource/DboSource.php(647): DboSource->execute('id', Array, Array)
#3 /var/www/cake/lib/Cake/Model/Datasource/DboSource.php(589): DboSource->fetchAll('id', Array, Array)
#4 /var/www/cake/lib/Cake/Model/Model.php(720): DboSource->query('id', Array, Object(Barang))
#5 /var/www/cake/app/Controller/BarangsController.php(39): Model->__call('id', Array)
#6 /var/www/cake/app/Controller/BarangsController.php(39): Barang->id('17')
#7 [internal function]: BarangsController->edit('17')
#8 /var/www/cake/lib/Cake/Controller/Controller.php(473): ReflectionMethod->invokeArgs(Object(BarangsController), Array)
#9 /var/www/cake/lib/Cake/Routing/Dispatcher.php(104): Controller->invokeAction(Object(CakeRequest))
#10 /var/www/cake/lib/Cake/Routing/Dispatcher.php(86): Dispatcher->_invoke(Object(BarangsController), Object(CakeRequest), Object(CakeResponse))
#11 /var/www/cake/app/webroot/index.php(96): Dispatcher->dispatch(Object(CakeRequest), Object(CakeResponse))
#12 {main}
2012-03-26 02:23:29 Error: [MissingControllerException] Controller class PasarController could not be found.
#0 /var/www/cake/app/webroot/index.php(96): Dispatcher->dispatch(Object(CakeRequest), Object(CakeResponse))
#1 {main}
2012-03-27 14:54:00 Error: [MissingTableException] Database table admins for model Admin was not found.
#0 /var/www/cake/lib/Cake/Model/Model.php(3265): Model->setSource('admins')
#1 /var/www/cake/lib/Cake/Model/Model.php(2483): Model->getDataSource()
#2 /var/www/cake/app/Controller/AdminsController.php(10): Model->find('all')
#3 [internal function]: AdminsController->index()
#4 /var/www/cake/lib/Cake/Controller/Controller.php(473): ReflectionMethod->invokeArgs(Object(AdminsController), Array)
#5 /var/www/cake/lib/Cake/Routing/Dispatcher.php(104): Controller->invokeAction(Object(CakeRequest))
#6 /var/www/cake/lib/Cake/Routing/Dispatcher.php(86): Dispatcher->_invoke(Object(AdminsController), Object(CakeRequest), Object(CakeResponse))
#7 /var/www/cake/app/webroot/index.php(96): Dispatcher->dispatch(Object(CakeRequest), Object(CakeResponse))
#8 {main}
2012-03-27 22:33:28 Error: [MissingViewException] View file "/var/www/cake/app/View/Users/login.ctp" is missing.
#0 /var/www/cake/lib/Cake/View/View.php(360): View->_getViewFileName(NULL)
#1 /var/www/cake/lib/Cake/Controller/Controller.php(900): View->render(NULL, NULL)
#2 /var/www/cake/lib/Cake/Routing/Dispatcher.php(111): Controller->render()
#3 /var/www/cake/lib/Cake/Routing/Dispatcher.php(86): Dispatcher->_invoke(Object(UsersController), Object(CakeRequest), Object(CakeResponse))
#4 /var/www/cake/app/webroot/index.php(96): Dispatcher->dispatch(Object(CakeRequest), Object(CakeResponse))
#5 {main}
2012-03-27 23:43:35 Error: [MissingActionException] Action HomesController::display() could not be found.
#0 /var/www/cake/lib/Cake/Routing/Dispatcher.php(104): Controller->invokeAction(Object(CakeRequest))
#1 /var/www/cake/lib/Cake/Routing/Dispatcher.php(86): Dispatcher->_invoke(Object(HomesController), Object(CakeRequest), Object(CakeResponse))
#2 /var/www/cake/app/webroot/index.php(96): Dispatcher->dispatch(Object(CakeRequest), Object(CakeResponse))
#3 {main}
2012-03-27 23:45:18 Error: [MissingActionException] Action HomesController::display() could not be found.
#0 /var/www/cake/lib/Cake/Routing/Dispatcher.php(104): Controller->invokeAction(Object(CakeRequest))
#1 /var/www/cake/lib/Cake/Routing/Dispatcher.php(86): Dispatcher->_invoke(Object(HomesController), Object(CakeRequest), Object(CakeResponse))
#2 /var/www/cake/app/webroot/index.php(96): Dispatcher->dispatch(Object(CakeRequest), Object(CakeResponse))
#3 {main}
2012-03-27 23:46:59 Error: [MissingControllerException] Controller class LoginController could not be found.
#0 /var/www/cake/app/webroot/index.php(96): Dispatcher->dispatch(Object(CakeRequest), Object(CakeResponse))
#1 {main}
2012-03-27 23:47:13 Error: [MissingControllerException] Controller class HomeController could not be found.
#0 /var/www/cake/app/webroot/index.php(96): Dispatcher->dispatch(Object(CakeRequest), Object(CakeResponse))
#1 {main}
2012-03-27 23:47:17 Error: [MissingViewException] View file "/var/www/cake/app/View/Users/login.ctp" is missing.
#0 /var/www/cake/lib/Cake/View/View.php(360): View->_getViewFileName(NULL)
#1 /var/www/cake/lib/Cake/Controller/Controller.php(900): View->render(NULL, NULL)
#2 /var/www/cake/lib/Cake/Routing/Dispatcher.php(111): Controller->render()
#3 /var/www/cake/lib/Cake/Routing/Dispatcher.php(86): Dispatcher->_invoke(Object(UsersController), Object(CakeRequest), Object(CakeResponse))
#4 /var/www/cake/app/webroot/index.php(96): Dispatcher->dispatch(Object(CakeRequest), Object(CakeResponse))
#5 {main}
2012-03-27 23:48:00 Error: [MissingViewException] View file "/var/www/cake/app/View/Users/login.ctp" is missing.
#0 /var/www/cake/lib/Cake/View/View.php(360): View->_getViewFileName(NULL)
#1 /var/www/cake/lib/Cake/Controller/Controller.php(900): View->render(NULL, NULL)
#2 /var/www/cake/lib/Cake/Routing/Dispatcher.php(111): Controller->render()
#3 /var/www/cake/lib/Cake/Routing/Dispatcher.php(86): Dispatcher->_invoke(Object(UsersController), Object(CakeRequest), Object(CakeResponse))
#4 /var/www/cake/app/webroot/index.php(96): Dispatcher->dispatch(Object(CakeRequest), Object(CakeResponse))
#5 {main}
2012-03-28 00:39:11 Error: [MethodNotAllowedException] Method Not Allowed
#0 [internal function]: UsersController->delete('1')
#1 /var/www/cake/lib/Cake/Controller/Controller.php(473): ReflectionMethod->invokeArgs(Object(UsersController), Array)
#2 /var/www/cake/lib/Cake/Routing/Dispatcher.php(104): Controller->invokeAction(Object(CakeRequest))
#3 /var/www/cake/lib/Cake/Routing/Dispatcher.php(86): Dispatcher->_invoke(Object(UsersController), Object(CakeRequest), Object(CakeResponse))
#4 /var/www/cake/app/webroot/index.php(96): Dispatcher->dispatch(Object(CakeRequest), Object(CakeResponse))
#5 {main}
2012-03-28 00:39:35 Error: [MethodNotAllowedException] Method Not Allowed
#0 [internal function]: UsersController->delete('30')
#1 /var/www/cake/lib/Cake/Controller/Controller.php(473): ReflectionMethod->invokeArgs(Object(UsersController), Array)
#2 /var/www/cake/lib/Cake/Routing/Dispatcher.php(104): Controller->invokeAction(Object(CakeRequest))
#3 /var/www/cake/lib/Cake/Routing/Dispatcher.php(86): Dispatcher->_invoke(Object(UsersController), Object(CakeRequest), Object(CakeResponse))
#4 /var/www/cake/app/webroot/index.php(96): Dispatcher->dispatch(Object(CakeRequest), Object(CakeResponse))
#5 {main}
2012-03-28 00:39:48 Error: [MethodNotAllowedException] Method Not Allowed
#0 [internal function]: UsersController->delete('37')
#1 /var/www/cake/lib/Cake/Controller/Controller.php(473): ReflectionMethod->invokeArgs(Object(UsersController), Array)
#2 /var/www/cake/lib/Cake/Routing/Dispatcher.php(104): Controller->invokeAction(Object(CakeRequest))
#3 /var/www/cake/lib/Cake/Routing/Dispatcher.php(86): Dispatcher->_invoke(Object(UsersController), Object(CakeRequest), Object(CakeResponse))
#4 /var/www/cake/app/webroot/index.php(96): Dispatcher->dispatch(Object(CakeRequest), Object(CakeResponse))
#5 {main}
2012-03-28 00:46:42 Error: [MissingControllerException] Controller class HomeController could not be found.
#0 /var/www/cake/app/webroot/index.php(96): Dispatcher->dispatch(Object(CakeRequest), Object(CakeResponse))
#1 {main}
2012-03-28 02:50:54 Error: [MissingActionException] Action ArticlesController::14() could not be found.
#0 /var/www/cake/lib/Cake/Routing/Dispatcher.php(104): Controller->invokeAction(Object(CakeRequest))
#1 /var/www/cake/lib/Cake/Routing/Dispatcher.php(86): Dispatcher->_invoke(Object(ArticlesController), Object(CakeRequest), Object(CakeResponse))
#2 /var/www/cake/app/webroot/index.php(96): Dispatcher->dispatch(Object(CakeRequest), Object(CakeResponse))
#3 {main}
2012-03-28 02:55:38 Error: [MissingActionException] Action ArticlesController::addd() could not be found.
#0 /var/www/cake/lib/Cake/Routing/Dispatcher.php(104): Controller->invokeAction(Object(CakeRequest))
#1 /var/www/cake/lib/Cake/Routing/Dispatcher.php(86): Dispatcher->_invoke(Object(ArticlesController), Object(CakeRequest), Object(CakeResponse))
#2 /var/www/cake/app/webroot/index.php(96): Dispatcher->dispatch(Object(CakeRequest), Object(CakeResponse))
#3 {main}
2012-03-29 01:17:31 Error: [MissingActionException] Action KoordinatorsController::view() could not be found.
#0 /var/www/cake/lib/Cake/Routing/Dispatcher.php(104): Controller->invokeAction(Object(CakeRequest))
#1 /var/www/cake/lib/Cake/Routing/Dispatcher.php(86): Dispatcher->_invoke(Object(KoordinatorsController), Object(CakeRequest), Object(CakeResponse))
#2 /var/www/cake/app/webroot/index.php(96): Dispatcher->dispatch(Object(CakeRequest), Object(CakeResponse))
#3 {main}
2012-03-29 01:17:34 Error: [MissingActionException] Action KoordinatorsController::view() could not be found.
#0 /var/www/cake/lib/Cake/Routing/Dispatcher.php(104): Controller->invokeAction(Object(CakeRequest))
#1 /var/www/cake/lib/Cake/Routing/Dispatcher.php(86): Dispatcher->_invoke(Object(KoordinatorsController), Object(CakeRequest), Object(CakeResponse))
#2 /var/www/cake/app/webroot/index.php(96): Dispatcher->dispatch(Object(CakeRequest), Object(CakeResponse))
#3 {main}
2012-03-29 22:03:46 Error: [MissingControllerException] Controller class HomeController could not be found.
#0 /var/www/cake/app/webroot/index.php(96): Dispatcher->dispatch(Object(CakeRequest), Object(CakeResponse))
#1 {main}
2012-03-30 00:28:02 Error: [MissingActionException] Action HomesController::view() could not be found.
#0 /var/www/cake/lib/Cake/Routing/Dispatcher.php(104): Controller->invokeAction(Object(CakeRequest))
#1 /var/www/cake/lib/Cake/Routing/Dispatcher.php(86): Dispatcher->_invoke(Object(HomesController), Object(CakeRequest), Object(CakeResponse))
#2 /var/www/cake/app/webroot/index.php(96): Dispatcher->dispatch(Object(CakeRequest), Object(CakeResponse))
#3 {main}
2012-03-30 00:28:07 Error: [MissingActionException] Action HomesController::view() could not be found.
#0 /var/www/cake/lib/Cake/Routing/Dispatcher.php(104): Controller->invokeAction(Object(CakeRequest))
#1 /var/www/cake/lib/Cake/Routing/Dispatcher.php(86): Dispatcher->_invoke(Object(HomesController), Object(CakeRequest), Object(CakeResponse))
#2 /var/www/cake/app/webroot/index.php(96): Dispatcher->dispatch(Object(CakeRequest), Object(CakeResponse))
#3 {main}
2012-03-30 01:58:26 Error: [MissingActionException] Action UsersController::addd() could not be found.
#0 /var/www/cake/lib/Cake/Routing/Dispatcher.php(104): Controller->invokeAction(Object(CakeRequest))
#1 /var/www/cake/lib/Cake/Routing/Dispatcher.php(86): Dispatcher->_invoke(Object(UsersController), Object(CakeRequest), Object(CakeResponse))
#2 /var/www/cake/app/webroot/index.php(96): Dispatcher->dispatch(Object(CakeRequest), Object(CakeResponse))
#3 {main}
2012-03-30 02:20:22 Error: [MissingViewException] View file "/var/www/cake/app/View/Dashboard/index.ctp" is missing.
#0 /var/www/cake/lib/Cake/View/View.php(360): View->_getViewFileName(NULL)
#1 /var/www/cake/lib/Cake/Controller/Controller.php(900): View->render(NULL, NULL)
#2 /var/www/cake/lib/Cake/Routing/Dispatcher.php(111): Controller->render()
#3 /var/www/cake/lib/Cake/Routing/Dispatcher.php(86): Dispatcher->_invoke(Object(DashboardsController), Object(CakeRequest), Object(CakeResponse))
#4 /var/www/cake/app/webroot/index.php(96): Dispatcher->dispatch(Object(CakeRequest), Object(CakeResponse))
#5 {main}
2012-03-30 02:20:53 Error: [MissingViewException] View file "/var/www/cake/app/View/Dashboard/index.ctp" is missing.
#0 /var/www/cake/lib/Cake/View/View.php(360): View->_getViewFileName(NULL)
#1 /var/www/cake/lib/Cake/Controller/Controller.php(900): View->render(NULL, NULL)
#2 /var/www/cake/lib/Cake/Routing/Dispatcher.php(111): Controller->render()
#3 /var/www/cake/lib/Cake/Routing/Dispatcher.php(86): Dispatcher->_invoke(Object(DashboardsController), Object(CakeRequest), Object(CakeResponse))
#4 /var/www/cake/app/webroot/index.php(96): Dispatcher->dispatch(Object(CakeRequest), Object(CakeResponse))
#5 {main}
2012-03-30 02:20:56 Error: [MissingControllerException] Controller class DashboardController could not be found.
#0 /var/www/cake/app/webroot/index.php(96): Dispatcher->dispatch(Object(CakeRequest), Object(CakeResponse))
#1 {main}
2012-03-30 02:20:58 Error: [MissingViewException] View file "/var/www/cake/app/View/Dashboard/index.ctp" is missing.
#0 /var/www/cake/lib/Cake/View/View.php(360): View->_getViewFileName(NULL)
#1 /var/www/cake/lib/Cake/Controller/Controller.php(900): View->render(NULL, NULL)
#2 /var/www/cake/lib/Cake/Routing/Dispatcher.php(111): Controller->render()
#3 /var/www/cake/lib/Cake/Routing/Dispatcher.php(86): Dispatcher->_invoke(Object(DashboardsController), Object(CakeRequest), Object(CakeResponse))
#4 /var/www/cake/app/webroot/index.php(96): Dispatcher->dispatch(Object(CakeRequest), Object(CakeResponse))
#5 {main}
2012-03-30 02:21:41 Error: [MissingViewException] View file "/var/www/cake/app/View/Dashboard/index.ctp" is missing.
#0 /var/www/cake/lib/Cake/View/View.php(360): View->_getViewFileName(NULL)
#1 /var/www/cake/lib/Cake/Controller/Controller.php(900): View->render(NULL, NULL)
#2 /var/www/cake/lib/Cake/Routing/Dispatcher.php(111): Controller->render()
#3 /var/www/cake/lib/Cake/Routing/Dispatcher.php(86): Dispatcher->_invoke(Object(DashboardsController), Object(CakeRequest), Object(CakeResponse))
#4 /var/www/cake/app/webroot/index.php(96): Dispatcher->dispatch(Object(CakeRequest), Object(CakeResponse))
#5 {main}
2012-03-30 02:21:50 Error: [MissingViewException] View file "/var/www/cake/app/View/Dashboard/index.ctp" is missing.
#0 /var/www/cake/lib/Cake/View/View.php(360): View->_getViewFileName(NULL)
#1 /var/www/cake/lib/Cake/Controller/Controller.php(900): View->render(NULL, NULL)
#2 /var/www/cake/lib/Cake/Routing/Dispatcher.php(111): Controller->render()
#3 /var/www/cake/lib/Cake/Routing/Dispatcher.php(86): Dispatcher->_invoke(Object(DashboardsController), Object(CakeRequest), Object(CakeResponse))
#4 /var/www/cake/app/webroot/index.php(96): Dispatcher->dispatch(Object(CakeRequest), Object(CakeResponse))
#5 {main}
2012-03-30 02:22:41 Error: [MissingActionException] Action KoordinatorsController::view() could not be found.
#0 /var/www/cake/lib/Cake/Routing/Dispatcher.php(104): Controller->invokeAction(Object(CakeRequest))
#1 /var/www/cake/lib/Cake/Routing/Dispatcher.php(86): Dispatcher->_invoke(Object(KoordinatorsController), Object(CakeRequest), Object(CakeResponse))
#2 /var/www/cake/app/webroot/index.php(96): Dispatcher->dispatch(Object(CakeRequest), Object(CakeResponse))
#3 {main}
2012-03-30 02:22:44 Error: [MissingActionException] Action KoordinatorsController::view() could not be found.
#0 /var/www/cake/lib/Cake/Routing/Dispatcher.php(104): Controller->invokeAction(Object(CakeRequest))
#1 /var/www/cake/lib/Cake/Routing/Dispatcher.php(86): Dispatcher->_invoke(Object(KoordinatorsController), Object(CakeRequest), Object(CakeResponse))
#2 /var/www/cake/app/webroot/index.php(96): Dispatcher->dispatch(Object(CakeRequest), Object(CakeResponse))
#3 {main}
2012-03-30 02:23:38 Error: [MissingControllerException] Controller class DashboardController could not be found.
#0 /var/www/cake/app/webroot/index.php(96): Dispatcher->dispatch(Object(CakeRequest), Object(CakeResponse))
#1 {main}
2012-03-30 02:23:40 Error: [MissingViewException] View file "/var/www/cake/app/View/Dashboard/index.ctp" is missing.
#0 /var/www/cake/lib/Cake/View/View.php(360): View->_getViewFileName(NULL)
#1 /var/www/cake/lib/Cake/Controller/Controller.php(900): View->render(NULL, NULL)
#2 /var/www/cake/lib/Cake/Routing/Dispatcher.php(111): Controller->render()
#3 /var/www/cake/lib/Cake/Routing/Dispatcher.php(86): Dispatcher->_invoke(Object(DashboardsController), Object(CakeRequest), Object(CakeResponse))
#4 /var/www/cake/app/webroot/index.php(96): Dispatcher->dispatch(Object(CakeRequest), Object(CakeResponse))
#5 {main}
2012-03-30 02:23:45 Error: [MissingViewException] View file "/var/www/cake/app/View/Dashboard/index.ctp" is missing.
#0 /var/www/cake/lib/Cake/View/View.php(360): View->_getViewFileName(NULL)
#1 /var/www/cake/lib/Cake/Controller/Controller.php(900): View->render(NULL, NULL)
#2 /var/www/cake/lib/Cake/Routing/Dispatcher.php(111): Controller->render()
#3 /var/www/cake/lib/Cake/Routing/Dispatcher.php(86): Dispatcher->_invoke(Object(DashboardsController), Object(CakeRequest), Object(CakeResponse))
#4 /var/www/cake/app/webroot/index.php(96): Dispatcher->dispatch(Object(CakeRequest), Object(CakeResponse))
#5 {main}
2012-03-30 02:27:53 Error: [MissingViewException] View file "/var/www/cake/app/View/Dashboard/index.ctp" is missing.
#0 /var/www/cake/lib/Cake/View/View.php(360): View->_getViewFileName(NULL)
#1 /var/www/cake/lib/Cake/Controller/Controller.php(900): View->render(NULL, NULL)
#2 /var/www/cake/lib/Cake/Routing/Dispatcher.php(111): Controller->render()
#3 /var/www/cake/lib/Cake/Routing/Dispatcher.php(86): Dispatcher->_invoke(Object(DashboardsController), Object(CakeRequest), Object(CakeResponse))
#4 /var/www/cake/app/webroot/index.php(96): Dispatcher->dispatch(Object(CakeRequest), Object(CakeResponse))
#5 {main}
2012-03-30 02:29:52 Error: [MissingActionException] Action DashboardController::logout() could not be found.
#0 /var/www/cake/lib/Cake/Routing/Dispatcher.php(104): Controller->invokeAction(Object(CakeRequest))
#1 /var/www/cake/lib/Cake/Routing/Dispatcher.php(86): Dispatcher->_invoke(Object(DashboardsController), Object(CakeRequest), Object(CakeResponse))
#2 /var/www/cake/app/webroot/index.php(96): Dispatcher->dispatch(Object(CakeRequest), Object(CakeResponse))
#3 {main}
2012-03-30 02:31:21 Error: [MissingActionException] Action DashboardController::logout() could not be found.
#0 /var/www/cake/lib/Cake/Routing/Dispatcher.php(104): Controller->invokeAction(Object(CakeRequest))
#1 /var/www/cake/lib/Cake/Routing/Dispatcher.php(86): Dispatcher->_invoke(Object(DashboardsController), Object(CakeRequest), Object(CakeResponse))
#2 /var/www/cake/app/webroot/index.php(96): Dispatcher->dispatch(Object(CakeRequest), Object(CakeResponse))
#3 {main}
2012-03-30 02:31:59 Error: [MissingActionException] Action DashboardController::logout() could not be found.
#0 /var/www/cake/lib/Cake/Routing/Dispatcher.php(104): Controller->invokeAction(Object(CakeRequest))
#1 /var/www/cake/lib/Cake/Routing/Dispatcher.php(86): Dispatcher->_invoke(Object(DashboardsController), Object(CakeRequest), Object(CakeResponse))
#2 /var/www/cake/app/webroot/index.php(96): Dispatcher->dispatch(Object(CakeRequest), Object(CakeResponse))
#3 {main}
2012-03-30 03:24:30 Error: [MissingControllerException] Controller class Default.cssController could not be found.
#0 /var/www/cake/app/webroot/index.php(96): Dispatcher->dispatch(Object(CakeRequest), Object(CakeResponse))
#1 {main}
2012-03-30 03:24:30 Error: [MissingControllerException] Controller class ImagesController could not be found.
#0 /var/www/cake/app/webroot/index.php(96): Dispatcher->dispatch(Object(CakeRequest), Object(CakeResponse))
#1 {main}
2012-03-30 03:24:42 Error: [MissingActionException] Action KoordinatorsController::images() could not be found.
#0 /var/www/cake/lib/Cake/Routing/Dispatcher.php(104): Controller->invokeAction(Object(CakeRequest))
#1 /var/www/cake/lib/Cake/Routing/Dispatcher.php(86): Dispatcher->_invoke(Object(KoordinatorsController), Object(CakeRequest), Object(CakeResponse))
#2 /var/www/cake/app/webroot/index.php(96): Dispatcher->dispatch(Object(CakeRequest), Object(CakeResponse))
#3 {main}
2012-03-30 03:24:42 Error: [MissingActionException] Action KoordinatorsController::default.css() could not be found.
#0 /var/www/cake/lib/Cake/Routing/Dispatcher.php(104): Controller->invokeAction(Object(CakeRequest))
#1 /var/www/cake/lib/Cake/Routing/Dispatcher.php(86): Dispatcher->_invoke(Object(KoordinatorsController), Object(CakeRequest), Object(CakeResponse))
#2 /var/www/cake/app/webroot/index.php(96): Dispatcher->dispatch(Object(CakeRequest), Object(CakeResponse))
#3 {main}
2012-03-30 03:27:27 Error: [MissingControllerException] Controller class CssController could not be found.
#0 /var/www/cake/app/webroot/index.php(96): Dispatcher->dispatch(Object(CakeRequest), Object(CakeResponse))
#1 {main}
2012-03-30 03:27:27 Error: [MissingActionException] Action KoordinatorsController::images() could not be found.
#0 /var/www/cake/lib/Cake/Routing/Dispatcher.php(104): Controller->invokeAction(Object(CakeRequest))
#1 /var/www/cake/lib/Cake/Routing/Dispatcher.php(86): Dispatcher->_invoke(Object(KoordinatorsController), Object(CakeRequest), Object(CakeResponse))
#2 /var/www/cake/app/webroot/index.php(96): Dispatcher->dispatch(Object(CakeRequest), Object(CakeResponse))
#3 {main}
2012-03-30 03:27:27 Error: [MissingActionException] Action KoordinatorsController::default.css() could not be found.
#0 /var/www/cake/lib/Cake/Routing/Dispatcher.php(104): Controller->invokeAction(Object(CakeRequest))
#1 /var/www/cake/lib/Cake/Routing/Dispatcher.php(86): Dispatcher->_invoke(Object(KoordinatorsController), Object(CakeRequest), Object(CakeResponse))
#2 /var/www/cake/app/webroot/index.php(96): Dispatcher->dispatch(Object(CakeRequest), Object(CakeResponse))
#3 {main}
2012-03-30 03:27:58 Error: [MissingControllerException] Controller class CssController could not be found.
#0 /var/www/cake/app/webroot/index.php(96): Dispatcher->dispatch(Object(CakeRequest), Object(CakeResponse))
#1 {main}
2012-03-30 03:27:58 Error: [MissingActionException] Action KoordinatorsController::images() could not be found.
#0 /var/www/cake/lib/Cake/Routing/Dispatcher.php(104): Controller->invokeAction(Object(CakeRequest))
#1 /var/www/cake/lib/Cake/Routing/Dispatcher.php(86): Dispatcher->_invoke(Object(KoordinatorsController), Object(CakeRequest), Object(CakeResponse))
#2 /var/www/cake/app/webroot/index.php(96): Dispatcher->dispatch(Object(CakeRequest), Object(CakeResponse))
#3 {main}
2012-03-30 03:27:58 Error: [MissingActionException] Action KoordinatorsController::default.css() could not be found.
#0 /var/www/cake/lib/Cake/Routing/Dispatcher.php(104): Controller->invokeAction(Object(CakeRequest))
#1 /var/www/cake/lib/Cake/Routing/Dispatcher.php(86): Dispatcher->_invoke(Object(KoordinatorsController), Object(CakeRequest), Object(CakeResponse))
#2 /var/www/cake/app/webroot/index.php(96): Dispatcher->dispatch(Object(CakeRequest), Object(CakeResponse))
#3 {main}
2012-03-30 03:28:37 Error: [MissingControllerException] Controller class CssController could not be found.
#0 /var/www/cake/app/webroot/index.php(96): Dispatcher->dispatch(Object(CakeRequest), Object(CakeResponse))
#1 {main}
2012-03-30 03:28:37 Error: [MissingActionException] Action KoordinatorsController::default.css() could not be found.
#0 /var/www/cake/lib/Cake/Routing/Dispatcher.php(104): Controller->invokeAction(Object(CakeRequest))
#1 /var/www/cake/lib/Cake/Routing/Dispatcher.php(86): Dispatcher->_invoke(Object(KoordinatorsController), Object(CakeRequest), Object(CakeResponse))
#2 /var/www/cake/app/webroot/index.php(96): Dispatcher->dispatch(Object(CakeRequest), Object(CakeResponse))
#3 {main}
2012-03-30 03:28:37 Error: [MissingActionException] Action KoordinatorsController::images() could not be found.
#0 /var/www/cake/lib/Cake/Routing/Dispatcher.php(104): Controller->invokeAction(Object(CakeRequest))
#1 /var/www/cake/lib/Cake/Routing/Dispatcher.php(86): Dispatcher->_invoke(Object(KoordinatorsController), Object(CakeRequest), Object(CakeResponse))
#2 /var/www/cake/app/webroot/index.php(96): Dispatcher->dispatch(Object(CakeRequest), Object(CakeResponse))
#3 {main}
2012-03-30 03:30:37 Error: [MissingControllerException] Controller class CssController could not be found.
#0 /var/www/cake/app/webroot/index.php(96): Dispatcher->dispatch(Object(CakeRequest), Object(CakeResponse))
#1 {main}
2012-03-30 03:30:37 Error: [MissingActionException] Action KoordinatorsController::default.css() could not be found.
#0 /var/www/cake/lib/Cake/Routing/Dispatcher.php(104): Controller->invokeAction(Object(CakeRequest))
#1 /var/www/cake/lib/Cake/Routing/Dispatcher.php(86): Dispatcher->_invoke(Object(KoordinatorsController), Object(CakeRequest), Object(CakeResponse))
#2 /var/www/cake/app/webroot/index.php(96): Dispatcher->dispatch(Object(CakeRequest), Object(CakeResponse))
#3 {main}
2012-03-30 03:30:42 Error: [MissingControllerException] Controller class CssController could not be found.
#0 /var/www/cake/app/webroot/index.php(96): Dispatcher->dispatch(Object(CakeRequest), Object(CakeResponse))
#1 {main}
2012-03-30 03:30:42 Error: [MissingControllerException] Controller class Default.cssController could not be found.
#0 /var/www/cake/app/webroot/index.php(96): Dispatcher->dispatch(Object(CakeRequest), Object(CakeResponse))
#1 {main}
2012-03-30 03:33:33 Error: [MissingControllerException] Controller class Default.cssController could not be found.
#0 /var/www/cake/app/webroot/index.php(96): Dispatcher->dispatch(Object(CakeRequest), Object(CakeResponse))
#1 {main}
2012-03-30 03:33:33 Error: [MissingControllerException] Controller class CssController could not be found.
#0 /var/www/cake/app/webroot/index.php(96): Dispatcher->dispatch(Object(CakeRequest), Object(CakeResponse))
#1 {main}
2012-03-30 03:33:33 Error: [MissingControllerException] Controller class CssController could not be found.
#0 /var/www/cake/app/webroot/index.php(96): Dispatcher->dispatch(Object(CakeRequest), Object(CakeResponse))
#1 {main}
2012-03-30 03:33:33 Error: [MissingControllerException] Controller class CssController could not be found.
#0 /var/www/cake/app/webroot/index.php(96): Dispatcher->dispatch(Object(CakeRequest), Object(CakeResponse))
#1 {main}
2012-03-30 03:33:33 Error: [MissingControllerException] Controller class CssController could not be found.
#0 /var/www/cake/app/webroot/index.php(96): Dispatcher->dispatch(Object(CakeRequest), Object(CakeResponse))
#1 {main}
2012-03-30 03:33:33 Error: [MissingControllerException] Controller class CssController could not be found.
#0 /var/www/cake/app/webroot/index.php(96): Dispatcher->dispatch(Object(CakeRequest), Object(CakeResponse))
#1 {main}
2012-03-30 03:33:49 Error: [MissingActionException] Action KoordinatorsController::default.css() could not be found.
#0 /var/www/cake/lib/Cake/Routing/Dispatcher.php(104): Controller->invokeAction(Object(CakeRequest))
#1 /var/www/cake/lib/Cake/Routing/Dispatcher.php(86): Dispatcher->_invoke(Object(KoordinatorsController), Object(CakeRequest), Object(CakeResponse))
#2 /var/www/cake/app/webroot/index.php(96): Dispatcher->dispatch(Object(CakeRequest), Object(CakeResponse))
#3 {main}
2012-03-30 03:33:49 Error: [MissingControllerException] Controller class CssController could not be found.
#0 /var/www/cake/app/webroot/index.php(96): Dispatcher->dispatch(Object(CakeRequest), Object(CakeResponse))
#1 {main}
2012-03-30 03:33:49 Error: [MissingControllerException] Controller class CssController could not be found.
#0 /var/www/cake/app/webroot/index.php(96): Dispatcher->dispatch(Object(CakeRequest), Object(CakeResponse))
#1 {main}
2012-03-30 03:33:49 Error: [MissingControllerException] Controller class CssController could not be found.
#0 /var/www/cake/app/webroot/index.php(96): Dispatcher->dispatch(Object(CakeRequest), Object(CakeResponse))
#1 {main}
2012-03-30 03:33:49 Error: [MissingControllerException] Controller class CssController could not be found.
#0 /var/www/cake/app/webroot/index.php(96): Dispatcher->dispatch(Object(CakeRequest), Object(CakeResponse))
#1 {main}
2012-03-30 03:33:49 Error: [MissingControllerException] Controller class CssController could not be found.
#0 /var/www/cake/app/webroot/index.php(96): Dispatcher->dispatch(Object(CakeRequest), Object(CakeResponse))
#1 {main}
2012-03-30 03:34:59 Error: [MissingActionException] Action KoordinatorsController::default.css() could not be found.
#0 /var/www/cake/lib/Cake/Routing/Dispatcher.php(104): Controller->invokeAction(Object(CakeRequest))
#1 /var/www/cake/lib/Cake/Routing/Dispatcher.php(86): Dispatcher->_invoke(Object(KoordinatorsController), Object(CakeRequest), Object(CakeResponse))
#2 /var/www/cake/app/webroot/index.php(96): Dispatcher->dispatch(Object(CakeRequest), Object(CakeResponse))
#3 {main}
2012-03-30 03:34:59 Error: [MissingControllerException] Controller class CssController could not be found.
#0 /var/www/cake/app/webroot/index.php(96): Dispatcher->dispatch(Object(CakeRequest), Object(CakeResponse))
#1 {main}
2012-03-30 03:34:59 Error: [MissingControllerException] Controller class CssController could not be found.
#0 /var/www/cake/app/webroot/index.php(96): Dispatcher->dispatch(Object(CakeRequest), Object(CakeResponse))
#1 {main}
2012-03-30 03:34:59 Error: [MissingControllerException] Controller class CssController could not be found.
#0 /var/www/cake/app/webroot/index.php(96): Dispatcher->dispatch(Object(CakeRequest), Object(CakeResponse))
#1 {main}
2012-03-30 03:34:59 Error: [MissingControllerException] Controller class CssController could not be found.
#0 /var/www/cake/app/webroot/index.php(96): Dispatcher->dispatch(Object(CakeRequest), Object(CakeResponse))
#1 {main}
2012-03-30 03:34:59 Error: [MissingControllerException] Controller class CssController could not be found.
#0 /var/www/cake/app/webroot/index.php(96): Dispatcher->dispatch(Object(CakeRequest), Object(CakeResponse))
#1 {main}
2012-03-30 03:35:13 Error: [MissingActionException] Action KoordinatorsController::default.css() could not be found.
#0 /var/www/cake/lib/Cake/Routing/Dispatcher.php(104): Controller->invokeAction(Object(CakeRequest))
#1 /var/www/cake/lib/Cake/Routing/Dispatcher.php(86): Dispatcher->_invoke(Object(KoordinatorsController), Object(CakeRequest), Object(CakeResponse))
#2 /var/www/cake/app/webroot/index.php(96): Dispatcher->dispatch(Object(CakeRequest), Object(CakeResponse))
#3 {main}
2012-03-30 03:35:13 Error: [MissingControllerException] Controller class CssController could not be found.
#0 /var/www/cake/app/webroot/index.php(96): Dispatcher->dispatch(Object(CakeRequest), Object(CakeResponse))
#1 {main}
2012-03-30 03:35:13 Error: [MissingControllerException] Controller class CssController could not be found.
#0 /var/www/cake/app/webroot/index.php(96): Dispatcher->dispatch(Object(CakeRequest), Object(CakeResponse))
#1 {main}
2012-03-30 03:35:13 Error: [MissingControllerException] Controller class CssController could not be found.
#0 /var/www/cake/app/webroot/index.php(96): Dispatcher->dispatch(Object(CakeRequest), Object(CakeResponse))
#1 {main}
2012-03-30 03:35:13 Error: [MissingControllerException] Controller class CssController could not be found.
#0 /var/www/cake/app/webroot/index.php(96): Dispatcher->dispatch(Object(CakeRequest), Object(CakeResponse))
#1 {main}
2012-03-30 03:35:13 Error: [MissingControllerException] Controller class CssController could not be found.
#0 /var/www/cake/app/webroot/index.php(96): Dispatcher->dispatch(Object(CakeRequest), Object(CakeResponse))
#1 {main}
2012-03-30 03:35:38 Error: [MissingActionException] Action KoordinatorsController::default.css() could not be found.
#0 /var/www/cake/lib/Cake/Routing/Dispatcher.php(104): Controller->invokeAction(Object(CakeRequest))
#1 /var/www/cake/lib/Cake/Routing/Dispatcher.php(86): Dispatcher->_invoke(Object(KoordinatorsController), Object(CakeRequest), Object(CakeResponse))
#2 /var/www/cake/app/webroot/index.php(96): Dispatcher->dispatch(Object(CakeRequest), Object(CakeResponse))
#3 {main}
2012-03-30 03:35:38 Error: [MissingControllerException] Controller class CssController could not be found.
#0 /var/www/cake/app/webroot/index.php(96): Dispatcher->dispatch(Object(CakeRequest), Object(CakeResponse))
#1 {main}
2012-03-30 03:35:38 Error: [MissingControllerException] Controller class CssController could not be found.
#0 /var/www/cake/app/webroot/index.php(96): Dispatcher->dispatch(Object(CakeRequest), Object(CakeResponse))
#1 {main}
2012-03-30 03:35:38 Error: [MissingControllerException] Controller class CssController could not be found.
#0 /var/www/cake/app/webroot/index.php(96): Dispatcher->dispatch(Object(CakeRequest), Object(CakeResponse))
#1 {main}
2012-03-30 03:35:38 Error: [MissingControllerException] Controller class CssController could not be found.
#0 /var/www/cake/app/webroot/index.php(96): Dispatcher->dispatch(Object(CakeRequest), Object(CakeResponse))
#1 {main}
2012-03-30 03:35:38 Error: [MissingControllerException] Controller class CssController could not be found.
#0 /var/www/cake/app/webroot/index.php(96): Dispatcher->dispatch(Object(CakeRequest), Object(CakeResponse))
#1 {main}
2012-03-30 03:35:39 Error: [MissingActionException] Action KoordinatorsController::default.css() could not be found.
#0 /var/www/cake/lib/Cake/Routing/Dispatcher.php(104): Controller->invokeAction(Object(CakeRequest))
#1 /var/www/cake/lib/Cake/Routing/Dispatcher.php(86): Dispatcher->_invoke(Object(KoordinatorsController), Object(CakeRequest), Object(CakeResponse))
#2 /var/www/cake/app/webroot/index.php(96): Dispatcher->dispatch(Object(CakeRequest), Object(CakeResponse))
#3 {main}
2012-03-30 03:35:39 Error: [MissingControllerException] Controller class CssController could not be found.
#0 /var/www/cake/app/webroot/index.php(96): Dispatcher->dispatch(Object(CakeRequest), Object(CakeResponse))
#1 {main}
2012-03-30 03:35:39 Error: [MissingControllerException] Controller class CssController could not be found.
#0 /var/www/cake/app/webroot/index.php(96): Dispatcher->dispatch(Object(CakeRequest), Object(CakeResponse))
#1 {main}
2012-03-30 03:35:39 Error: [MissingControllerException] Controller class CssController could not be found.
#0 /var/www/cake/app/webroot/index.php(96): Dispatcher->dispatch(Object(CakeRequest), Object(CakeResponse))
#1 {main}
2012-03-30 03:35:39 Error: [MissingControllerException] Controller class CssController could not be found.
#0 /var/www/cake/app/webroot/index.php(96): Dispatcher->dispatch(Object(CakeRequest), Object(CakeResponse))
#1 {main}
2012-03-30 03:35:39 Error: [MissingControllerException] Controller class CssController could not be found.
#0 /var/www/cake/app/webroot/index.php(96): Dispatcher->dispatch(Object(CakeRequest), Object(CakeResponse))
#1 {main}
2012-03-30 03:35:39 Error: [MissingActionException] Action KoordinatorsController::default.css() could not be found.
#0 /var/www/cake/lib/Cake/Routing/Dispatcher.php(104): Controller->invokeAction(Object(CakeRequest))
#1 /var/www/cake/lib/Cake/Routing/Dispatcher.php(86): Dispatcher->_invoke(Object(KoordinatorsController), Object(CakeRequest), Object(CakeResponse))
#2 /var/www/cake/app/webroot/index.php(96): Dispatcher->dispatch(Object(CakeRequest), Object(CakeResponse))
#3 {main}
2012-03-30 03:35:39 Error: [MissingControllerException] Controller class CssController could not be found.
#0 /var/www/cake/app/webroot/index.php(96): Dispatcher->dispatch(Object(CakeRequest), Object(CakeResponse))
#1 {main}
2012-03-30 03:35:39 Error: [MissingControllerException] Controller class CssController could not be found.
#0 /var/www/cake/app/webroot/index.php(96): Dispatcher->dispatch(Object(CakeRequest), Object(CakeResponse))
#1 {main}
2012-03-30 03:35:39 Error: [MissingControllerException] Controller class CssController could not be found.
#0 /var/www/cake/app/webroot/index.php(96): Dispatcher->dispatch(Object(CakeRequest), Object(CakeResponse))
#1 {main}
2012-03-30 03:35:39 Error: [MissingControllerException] Controller class CssController could not be found.
#0 /var/www/cake/app/webroot/index.php(96): Dispatcher->dispatch(Object(CakeRequest), Object(CakeResponse))
#1 {main}
2012-03-30 03:35:39 Error: [MissingControllerException] Controller class CssController could not be found.
#0 /var/www/cake/app/webroot/index.php(96): Dispatcher->dispatch(Object(CakeRequest), Object(CakeResponse))
#1 {main}
2012-03-30 03:36:39 Error: [MissingActionException] Action KoordinatorsController::default.css() could not be found.
#0 /var/www/cake/lib/Cake/Routing/Dispatcher.php(104): Controller->invokeAction(Object(CakeRequest))
#1 /var/www/cake/lib/Cake/Routing/Dispatcher.php(86): Dispatcher->_invoke(Object(KoordinatorsController), Object(CakeRequest), Object(CakeResponse))
#2 /var/www/cake/app/webroot/index.php(96): Dispatcher->dispatch(Object(CakeRequest), Object(CakeResponse))
#3 {main}
2012-03-30 03:36:39 Error: [MissingControllerException] Controller class CssController could not be found.
#0 /var/www/cake/app/webroot/index.php(96): Dispatcher->dispatch(Object(CakeRequest), Object(CakeResponse))
#1 {main}
2012-03-30 03:36:39 Error: [MissingControllerException] Controller class CssController could not be found.
#0 /var/www/cake/app/webroot/index.php(96): Dispatcher->dispatch(Object(CakeRequest), Object(CakeResponse))
#1 {main}
2012-03-30 03:36:39 Error: [MissingControllerException] Controller class CssController could not be found.
#0 /var/www/cake/app/webroot/index.php(96): Dispatcher->dispatch(Object(CakeRequest), Object(CakeResponse))
#1 {main}
2012-03-30 03:36:39 Error: [MissingControllerException] Controller class CssController could not be found.
#0 /var/www/cake/app/webroot/index.php(96): Dispatcher->dispatch(Object(CakeRequest), Object(CakeResponse))
#1 {main}
2012-03-30 03:36:39 Error: [MissingControllerException] Controller class CssController could not be found.
#0 /var/www/cake/app/webroot/index.php(96): Dispatcher->dispatch(Object(CakeRequest), Object(CakeResponse))
#1 {main}
2012-03-30 03:36:39 Error: [MissingActionException] Action KoordinatorsController::default.css() could not be found.
#0 /var/www/cake/lib/Cake/Routing/Dispatcher.php(104): Controller->invokeAction(Object(CakeRequest))
#1 /var/www/cake/lib/Cake/Routing/Dispatcher.php(86): Dispatcher->_invoke(Object(KoordinatorsController), Object(CakeRequest), Object(CakeResponse))
#2 /var/www/cake/app/webroot/index.php(96): Dispatcher->dispatch(Object(CakeRequest), Object(CakeResponse))
#3 {main}
2012-03-30 03:36:39 Error: [MissingControllerException] Controller class CssController could not be found.
#0 /var/www/cake/app/webroot/index.php(96): Dispatcher->dispatch(Object(CakeRequest), Object(CakeResponse))
#1 {main}
2012-03-30 03:36:39 Error: [MissingControllerException] Controller class CssController could not be found.
#0 /var/www/cake/app/webroot/index.php(96): Dispatcher->dispatch(Object(CakeRequest), Object(CakeResponse))
#1 {main}
2012-03-30 03:36:39 Error: [MissingControllerException] Controller class CssController could not be found.
#0 /var/www/cake/app/webroot/index.php(96): Dispatcher->dispatch(Object(CakeRequest), Object(CakeResponse))
#1 {main}
2012-03-30 03:36:40 Error: [MissingControllerException] Controller class CssController could not be found.
#0 /var/www/cake/app/webroot/index.php(96): Dispatcher->dispatch(Object(CakeRequest), Object(CakeResponse))
#1 {main}
2012-03-30 03:36:40 Error: [MissingControllerException] Controller class CssController could not be found.
#0 /var/www/cake/app/webroot/index.php(96): Dispatcher->dispatch(Object(CakeRequest), Object(CakeResponse))
#1 {main}
2012-03-30 03:36:40 Error: [MissingActionException] Action KoordinatorsController::default.css() could not be found.
#0 /var/www/cake/lib/Cake/Routing/Dispatcher.php(104): Controller->invokeAction(Object(CakeRequest))
#1 /var/www/cake/lib/Cake/Routing/Dispatcher.php(86): Dispatcher->_invoke(Object(KoordinatorsController), Object(CakeRequest), Object(CakeResponse))
#2 /var/www/cake/app/webroot/index.php(96): Dispatcher->dispatch(Object(CakeRequest), Object(CakeResponse))
#3 {main}
2012-03-30 03:36:40 Error: [MissingControllerException] Controller class CssController could not be found.
#0 /var/www/cake/app/webroot/index.php(96): Dispatcher->dispatch(Object(CakeRequest), Object(CakeResponse))
#1 {main}
2012-03-30 03:36:40 Error: [MissingControllerException] Controller class CssController could not be found.
#0 /var/www/cake/app/webroot/index.php(96): Dispatcher->dispatch(Object(CakeRequest), Object(CakeResponse))
#1 {main}
2012-03-30 03:36:40 Error: [MissingControllerException] Controller class CssController could not be found.
#0 /var/www/cake/app/webroot/index.php(96): Dispatcher->dispatch(Object(CakeRequest), Object(CakeResponse))
#1 {main}
2012-03-30 03:36:40 Error: [MissingControllerException] Controller class CssController could not be found.
#0 /var/www/cake/app/webroot/index.php(96): Dispatcher->dispatch(Object(CakeRequest), Object(CakeResponse))
#1 {main}
2012-03-30 03:36:40 Error: [MissingControllerException] Controller class CssController could not be found.
#0 /var/www/cake/app/webroot/index.php(96): Dispatcher->dispatch(Object(CakeRequest), Object(CakeResponse))
#1 {main}
2012-03-30 03:38:18 Error: [MissingActionException] Action KoordinatorsController::default.css() could not be found.
#0 /var/www/cake/lib/Cake/Routing/Dispatcher.php(104): Controller->invokeAction(Object(CakeRequest))
#1 /var/www/cake/lib/Cake/Routing/Dispatcher.php(86): Dispatcher->_invoke(Object(KoordinatorsController), Object(CakeRequest), Object(CakeResponse))
#2 /var/www/cake/app/webroot/index.php(96): Dispatcher->dispatch(Object(CakeRequest), Object(CakeResponse))
#3 {main}
2012-03-30 03:38:18 Error: [MissingControllerException] Controller class CssController could not be found.
#0 /var/www/cake/app/webroot/index.php(96): Dispatcher->dispatch(Object(CakeRequest), Object(CakeResponse))
#1 {main}
2012-03-30 03:38:18 Error: [MissingControllerException] Controller class CssController could not be found.
#0 /var/www/cake/app/webroot/index.php(96): Dispatcher->dispatch(Object(CakeRequest), Object(CakeResponse))
#1 {main}
2012-03-30 03:38:18 Error: [MissingControllerException] Controller class CssController could not be found.
#0 /var/www/cake/app/webroot/index.php(96): Dispatcher->dispatch(Object(CakeRequest), Object(CakeResponse))
#1 {main}
2012-03-30 03:38:18 Error: [MissingControllerException] Controller class CssController could not be found.
#0 /var/www/cake/app/webroot/index.php(96): Dispatcher->dispatch(Object(CakeRequest), Object(CakeResponse))
#1 {main}
2012-03-30 03:38:18 Error: [MissingControllerException] Controller class CssController could not be found.
#0 /var/www/cake/app/webroot/index.php(96): Dispatcher->dispatch(Object(CakeRequest), Object(CakeResponse))
#1 {main}
2012-03-30 03:38:18 Error: [MissingActionException] Action KoordinatorsController::default.css() could not be found.
#0 /var/www/cake/lib/Cake/Routing/Dispatcher.php(104): Controller->invokeAction(Object(CakeRequest))
#1 /var/www/cake/lib/Cake/Routing/Dispatcher.php(86): Dispatcher->_invoke(Object(KoordinatorsController), Object(CakeRequest), Object(CakeResponse))
#2 /var/www/cake/app/webroot/index.php(96): Dispatcher->dispatch(Object(CakeRequest), Object(CakeResponse))
#3 {main}
2012-03-30 03:38:18 Error: [MissingControllerException] Controller class CssController could not be found.
#0 /var/www/cake/app/webroot/index.php(96): Dispatcher->dispatch(Object(CakeRequest), Object(CakeResponse))
#1 {main}
2012-03-30 03:38:18 Error: [MissingControllerException] Controller class CssController could not be found.
#0 /var/www/cake/app/webroot/index.php(96): Dispatcher->dispatch(Object(CakeRequest), Object(CakeResponse))
#1 {main}
2012-03-30 03:38:18 Error: [MissingControllerException] Controller class CssController could not be found.
#0 /var/www/cake/app/webroot/index.php(96): Dispatcher->dispatch(Object(CakeRequest), Object(CakeResponse))
#1 {main}
2012-03-30 03:38:18 Error: [MissingControllerException] Controller class CssController could not be found.
#0 /var/www/cake/app/webroot/index.php(96): Dispatcher->dispatch(Object(CakeRequest), Object(CakeResponse))
#1 {main}
2012-03-30 03:38:18 Error: [MissingControllerException] Controller class CssController could not be found.
#0 /var/www/cake/app/webroot/index.php(96): Dispatcher->dispatch(Object(CakeRequest), Object(CakeResponse))
#1 {main}
2012-03-30 03:39:18 Error: [MissingActionException] Action KoordinatorsController::default.css() could not be found.
#0 /var/www/cake/lib/Cake/Routing/Dispatcher.php(104): Controller->invokeAction(Object(CakeRequest))
#1 /var/www/cake/lib/Cake/Routing/Dispatcher.php(86): Dispatcher->_invoke(Object(KoordinatorsController), Object(CakeRequest), Object(CakeResponse))
#2 /var/www/cake/app/webroot/index.php(96): Dispatcher->dispatch(Object(CakeRequest), Object(CakeResponse))
#3 {main}
2012-03-30 03:41:03 Error: [MissingActionException] Action KoordinatorsController::default.css() could not be found.
#0 /var/www/cake/lib/Cake/Routing/Dispatcher.php(104): Controller->invokeAction(Object(CakeRequest))
#1 /var/www/cake/lib/Cake/Routing/Dispatcher.php(86): Dispatcher->_invoke(Object(KoordinatorsController), Object(CakeRequest), Object(CakeResponse))
#2 /var/www/cake/app/webroot/index.php(96): Dispatcher->dispatch(Object(CakeRequest), Object(CakeResponse))
#3 {main}
2012-03-30 03:41:03 Error: [MissingActionException] Action KoordinatorsController::default.css() could not be found.
#0 /var/www/cake/lib/Cake/Routing/Dispatcher.php(104): Controller->invokeAction(Object(CakeRequest))
#1 /var/www/cake/lib/Cake/Routing/Dispatcher.php(86): Dispatcher->_invoke(Object(KoordinatorsController), Object(CakeRequest), Object(CakeResponse))
#2 /var/www/cake/app/webroot/index.php(96): Dispatcher->dispatch(Object(CakeRequest), Object(CakeResponse))
#3 {main}
2012-03-30 03:41:25 Error: [MissingActionException] Action KoordinatorsController::default.css() could not be found.
#0 /var/www/cake/lib/Cake/Routing/Dispatcher.php(104): Controller->invokeAction(Object(CakeRequest))
#1 /var/www/cake/lib/Cake/Routing/Dispatcher.php(86): Dispatcher->_invoke(Object(KoordinatorsController), Object(CakeRequest), Object(CakeResponse))
#2 /var/www/cake/app/webroot/index.php(96): Dispatcher->dispatch(Object(CakeRequest), Object(CakeResponse))
#3 {main}
2012-03-30 03:41:27 Error: [MissingActionException] Action KoordinatorsController::default.css() could not be found.
#0 /var/www/cake/lib/Cake/Routing/Dispatcher.php(104): Controller->invokeAction(Object(CakeRequest))
#1 /var/www/cake/lib/Cake/Routing/Dispatcher.php(86): Dispatcher->_invoke(Object(KoordinatorsController), Object(CakeRequest), Object(CakeResponse))
#2 /var/www/cake/app/webroot/index.php(96): Dispatcher->dispatch(Object(CakeRequest), Object(CakeResponse))
#3 {main}
2012-03-30 03:41:27 Error: [MissingActionException] Action KoordinatorsController::default.css() could not be found.
#0 /var/www/cake/lib/Cake/Routing/Dispatcher.php(104): Controller->invokeAction(Object(CakeRequest))
#1 /var/www/cake/lib/Cake/Routing/Dispatcher.php(86): Dispatcher->_invoke(Object(KoordinatorsController), Object(CakeRequest), Object(CakeResponse))
#2 /var/www/cake/app/webroot/index.php(96): Dispatcher->dispatch(Object(CakeRequest), Object(CakeResponse))
#3 {main}
2012-03-30 03:41:28 Error: [MissingActionException] Action KoordinatorsController::default.css() could not be found.
#0 /var/www/cake/lib/Cake/Routing/Dispatcher.php(104): Controller->invokeAction(Object(CakeRequest))
#1 /var/www/cake/lib/Cake/Routing/Dispatcher.php(86): Dispatcher->_invoke(Object(KoordinatorsController), Object(CakeRequest), Object(CakeResponse))
#2 /var/www/cake/app/webroot/index.php(96): Dispatcher->dispatch(Object(CakeRequest), Object(CakeResponse))
#3 {main}
2012-03-30 03:41:35 Error: [MissingActionException] Action KoordinatorsController::default.css() could not be found.
#0 /var/www/cake/lib/Cake/Routing/Dispatcher.php(104): Controller->invokeAction(Object(CakeRequest))
#1 /var/www/cake/lib/Cake/Routing/Dispatcher.php(86): Dispatcher->_invoke(Object(KoordinatorsController), Object(CakeRequest), Object(CakeResponse))
#2 /var/www/cake/app/webroot/index.php(96): Dispatcher->dispatch(Object(CakeRequest), Object(CakeResponse))
#3 {main}
2012-03-30 03:44:12 Error: [MissingActionException] Action KoordinatorsController::default.css() could not be found.
#0 /var/www/cake/lib/Cake/Routing/Dispatcher.php(104): Controller->invokeAction(Object(CakeRequest))
#1 /var/www/cake/lib/Cake/Routing/Dispatcher.php(86): Dispatcher->_invoke(Object(KoordinatorsController), Object(CakeRequest), Object(CakeResponse))
#2 /var/www/cake/app/webroot/index.php(96): Dispatcher->dispatch(Object(CakeRequest), Object(CakeResponse))
#3 {main}
2012-03-30 03:46:08 Error: [MissingActionException] Action UsersController::default.css() could not be found.
#0 /var/www/cake/lib/Cake/Routing/Dispatcher.php(104): Controller->invokeAction(Object(CakeRequest))
#1 /var/www/cake/lib/Cake/Routing/Dispatcher.php(86): Dispatcher->_invoke(Object(UsersController), Object(CakeRequest), Object(CakeResponse))
#2 /var/www/cake/app/webroot/index.php(96): Dispatcher->dispatch(Object(CakeRequest), Object(CakeResponse))
#3 {main}
2012-03-30 03:47:14 Error: [MissingActionException] Action KoordinatorsController::default.css() could not be found.
#0 /var/www/cake/lib/Cake/Routing/Dispatcher.php(104): Controller->invokeAction(Object(CakeRequest))
#1 /var/www/cake/lib/Cake/Routing/Dispatcher.php(86): Dispatcher->_invoke(Object(KoordinatorsController), Object(CakeRequest), Object(CakeResponse))
#2 /var/www/cake/app/webroot/index.php(96): Dispatcher->dispatch(Object(CakeRequest), Object(CakeResponse))
#3 {main}
2012-03-30 03:49:29 Error: [MissingActionException] Action KoordinatorsController::default.css() could not be found.
#0 /var/www/cake/lib/Cake/Routing/Dispatcher.php(104): Controller->invokeAction(Object(CakeRequest))
#1 /var/www/cake/lib/Cake/Routing/Dispatcher.php(86): Dispatcher->_invoke(Object(KoordinatorsController), Object(CakeRequest), Object(CakeResponse))
#2 /var/www/cake/app/webroot/index.php(96): Dispatcher->dispatch(Object(CakeRequest), Object(CakeResponse))
#3 {main}
2012-03-30 03:49:38 Error: [MissingControllerException] Controller class Default.cssController could not be found.
#0 /var/www/cake/app/webroot/index.php(96): Dispatcher->dispatch(Object(CakeRequest), Object(CakeResponse))
#1 {main}
2012-03-30 03:49:42 Error: [MissingActionException] Action UsersController::default.css() could not be found.
#0 /var/www/cake/lib/Cake/Routing/Dispatcher.php(104): Controller->invokeAction(Object(CakeRequest))
#1 /var/www/cake/lib/Cake/Routing/Dispatcher.php(86): Dispatcher->_invoke(Object(UsersController), Object(CakeRequest), Object(CakeResponse))
#2 /var/www/cake/app/webroot/index.php(96): Dispatcher->dispatch(Object(CakeRequest), Object(CakeResponse))
#3 {main}
2012-03-30 03:51:22 Error: [MissingActionException] Action UsersController::default.css() could not be found.
#0 /var/www/cake/lib/Cake/Routing/Dispatcher.php(104): Controller->invokeAction(Object(CakeRequest))
#1 /var/www/cake/lib/Cake/Routing/Dispatcher.php(86): Dispatcher->_invoke(Object(UsersController), Object(CakeRequest), Object(CakeResponse))
#2 /var/www/cake/app/webroot/index.php(96): Dispatcher->dispatch(Object(CakeRequest), Object(CakeResponse))
#3 {main}
2012-03-30 03:54:36 Error: [MissingActionException] Action UsersController::default.css() could not be found.
#0 /var/www/cake/lib/Cake/Routing/Dispatcher.php(104): Controller->invokeAction(Object(CakeRequest))
#1 /var/www/cake/lib/Cake/Routing/Dispatcher.php(86): Dispatcher->_invoke(Object(UsersController), Object(CakeRequest), Object(CakeResponse))
#2 /var/www/cake/app/webroot/index.php(96): Dispatcher->dispatch(Object(CakeRequest), Object(CakeResponse))
#3 {main}
2012-03-30 03:54:46 Error: [MissingActionException] Action UsersController::default.css() could not be found.
#0 /var/www/cake/lib/Cake/Routing/Dispatcher.php(104): Controller->invokeAction(Object(CakeRequest))
#1 /var/www/cake/lib/Cake/Routing/Dispatcher.php(86): Dispatcher->_invoke(Object(UsersController), Object(CakeRequest), Object(CakeResponse))
#2 /var/www/cake/app/webroot/index.php(96): Dispatcher->dispatch(Object(CakeRequest), Object(CakeResponse))
#3 {main}
2012-03-30 03:54:57 Error: [MissingControllerException] Controller class Default.cssController could not be found.
#0 /var/www/cake/app/webroot/index.php(96): Dispatcher->dispatch(Object(CakeRequest), Object(CakeResponse))
#1 {main}
2012-03-30 03:55:17 Error: [MissingControllerException] Controller class Default.cssController could not be found.
#0 /var/www/cake/app/webroot/index.php(96): Dispatcher->dispatch(Object(CakeRequest), Object(CakeResponse))
#1 {main}
2012-03-30 03:58:29 Error: [MissingControllerException] Controller class Default.cssController could not be found.
#0 /var/www/cake/app/webroot/index.php(96): Dispatcher->dispatch(Object(CakeRequest), Object(CakeResponse))
#1 {main}
2012-03-30 03:59:05 Error: [MissingActionException] Action KoordinatorsController::default.css() could not be found.
#0 /var/www/cake/lib/Cake/Routing/Dispatcher.php(104): Controller->invokeAction(Object(CakeRequest))
#1 /var/www/cake/lib/Cake/Routing/Dispatcher.php(86): Dispatcher->_invoke(Object(KoordinatorsController), Object(CakeRequest), Object(CakeResponse))
#2 /var/www/cake/app/webroot/index.php(96): Dispatcher->dispatch(Object(CakeRequest), Object(CakeResponse))
#3 {main}
2012-03-30 03:59:34 Error: [MissingActionException] Action KoordinatorsController::default.css() could not be found.
#0 /var/www/cake/lib/Cake/Routing/Dispatcher.php(104): Controller->invokeAction(Object(CakeRequest))
#1 /var/www/cake/lib/Cake/Routing/Dispatcher.php(86): Dispatcher->_invoke(Object(KoordinatorsController), Object(CakeRequest), Object(CakeResponse))
#2 /var/www/cake/app/webroot/index.php(96): Dispatcher->dispatch(Object(CakeRequest), Object(CakeResponse))
#3 {main}
2012-03-30 04:03:01 Error: [MissingActionException] Action KoordinatorsController::default.css() could not be found.
#0 /var/www/cake/lib/Cake/Routing/Dispatcher.php(104): Controller->invokeAction(Object(CakeRequest))
#1 /var/www/cake/lib/Cake/Routing/Dispatcher.php(86): Dispatcher->_invoke(Object(KoordinatorsController), Object(CakeRequest), Object(CakeResponse))
#2 /var/www/cake/app/webroot/index.php(96): Dispatcher->dispatch(Object(CakeRequest), Object(CakeResponse))
#3 {main}
2012-03-30 04:03:13 Error: [MissingActionException] Action KoordinatorsController::default.css() could not be found.
#0 /var/www/cake/lib/Cake/Routing/Dispatcher.php(104): Controller->invokeAction(Object(CakeRequest))
#1 /var/www/cake/lib/Cake/Routing/Dispatcher.php(86): Dispatcher->_invoke(Object(KoordinatorsController), Object(CakeRequest), Object(CakeResponse))
#2 /var/www/cake/app/webroot/index.php(96): Dispatcher->dispatch(Object(CakeRequest), Object(CakeResponse))
#3 {main}
2012-03-30 04:04:04 Error: [MissingActionException] Action KoordinatorsController::default.css() could not be found.
#0 /var/www/cake/lib/Cake/Routing/Dispatcher.php(104): Controller->invokeAction(Object(CakeRequest))
#1 /var/www/cake/lib/Cake/Routing/Dispatcher.php(86): Dispatcher->_invoke(Object(KoordinatorsController), Object(CakeRequest), Object(CakeResponse))
#2 /var/www/cake/app/webroot/index.php(96): Dispatcher->dispatch(Object(CakeRequest), Object(CakeResponse))
#3 {main}
2012-03-30 04:05:48 Error: [MissingActionException] Action KoordinatorsController::default.css() could not be found.
#0 /var/www/cake/lib/Cake/Routing/Dispatcher.php(104): Controller->invokeAction(Object(CakeRequest))
#1 /var/www/cake/lib/Cake/Routing/Dispatcher.php(86): Dispatcher->_invoke(Object(KoordinatorsController), Object(CakeRequest), Object(CakeResponse))
#2 /var/www/cake/app/webroot/index.php(96): Dispatcher->dispatch(Object(CakeRequest), Object(CakeResponse))
#3 {main}
2012-03-30 04:05:54 Error: [MissingActionException] Action KoordinatorsController::default.css() could not be found.
#0 /var/www/cake/lib/Cake/Routing/Dispatcher.php(104): Controller->invokeAction(Object(CakeRequest))
#1 /var/www/cake/lib/Cake/Routing/Dispatcher.php(86): Dispatcher->_invoke(Object(KoordinatorsController), Object(CakeRequest), Object(CakeResponse))
#2 /var/www/cake/app/webroot/index.php(96): Dispatcher->dispatch(Object(CakeRequest), Object(CakeResponse))
#3 {main}
2012-03-30 04:06:45 Error: [MissingActionException] Action UsersController::default.css() could not be found.
#0 /var/www/cake/lib/Cake/Routing/Dispatcher.php(104): Controller->invokeAction(Object(CakeRequest))
#1 /var/www/cake/lib/Cake/Routing/Dispatcher.php(86): Dispatcher->_invoke(Object(UsersController), Object(CakeRequest), Object(CakeResponse))
#2 /var/www/cake/app/webroot/index.php(96): Dispatcher->dispatch(Object(CakeRequest), Object(CakeResponse))
#3 {main}
2012-03-30 04:08:51 Error: [MissingActionException] Action UsersController::default.css() could not be found.
#0 /var/www/cake/lib/Cake/Routing/Dispatcher.php(104): Controller->invokeAction(Object(CakeRequest))
#1 /var/www/cake/lib/Cake/Routing/Dispatcher.php(86): Dispatcher->_invoke(Object(UsersController), Object(CakeRequest), Object(CakeResponse))
#2 /var/www/cake/app/webroot/index.php(96): Dispatcher->dispatch(Object(CakeRequest), Object(CakeResponse))
#3 {main}
2012-03-30 04:08:52 Error: [MissingActionException] Action UsersController::default.css() could not be found.
#0 /var/www/cake/lib/Cake/Routing/Dispatcher.php(104): Controller->invokeAction(Object(CakeRequest))
#1 /var/www/cake/lib/Cake/Routing/Dispatcher.php(86): Dispatcher->_invoke(Object(UsersController), Object(CakeRequest), Object(CakeResponse))
#2 /var/www/cake/app/webroot/index.php(96): Dispatcher->dispatch(Object(CakeRequest), Object(CakeResponse))
#3 {main}
2012-03-30 04:09:04 Error: [MissingControllerException] Controller class Default.cssController could not be found.
#0 /var/www/cake/app/webroot/index.php(96): Dispatcher->dispatch(Object(CakeRequest), Object(CakeResponse))
#1 {main}
2012-03-30 04:12:33 Error: [MissingControllerException] Controller class Default.cssController could not be found.
#0 /var/www/cake/app/webroot/index.php(96): Dispatcher->dispatch(Object(CakeRequest), Object(CakeResponse))
#1 {main}
2012-03-30 04:12:34 Error: [MissingControllerException] Controller class Default.cssController could not be found.
#0 /var/www/cake/app/webroot/index.php(96): Dispatcher->dispatch(Object(CakeRequest), Object(CakeResponse))
#1 {main}
2012-03-30 04:12:41 Error: [MissingControllerException] Controller class Default.cssController could not be found.
#0 /var/www/cake/app/webroot/index.php(96): Dispatcher->dispatch(Object(CakeRequest), Object(CakeResponse))
#1 {main}
2012-03-30 04:12:45 Error: [MissingControllerException] Controller class Default.cssController could not be found.
#0 /var/www/cake/app/webroot/index.php(96): Dispatcher->dispatch(Object(CakeRequest), Object(CakeResponse))
#1 {main}
2012-03-30 04:12:54 Error: [MissingActionException] Action UsersController::default.css() could not be found.
#0 /var/www/cake/lib/Cake/Routing/Dispatcher.php(104): Controller->invokeAction(Object(CakeRequest))
#1 /var/www/cake/lib/Cake/Routing/Dispatcher.php(86): Dispatcher->_invoke(Object(UsersController), Object(CakeRequest), Object(CakeResponse))
#2 /var/www/cake/app/webroot/index.php(96): Dispatcher->dispatch(Object(CakeRequest), Object(CakeResponse))
#3 {main}
2012-03-30 04:13:08 Error: [MissingControllerException] Controller class Default.cssController could not be found.
#0 /var/www/cake/app/webroot/index.php(96): Dispatcher->dispatch(Object(CakeRequest), Object(CakeResponse))
#1 {main}
2012-03-30 04:13:35 Error: [MissingActionException] Action UsersController::default.css() could not be found.
#0 /var/www/cake/lib/Cake/Routing/Dispatcher.php(104): Controller->invokeAction(Object(CakeRequest))
#1 /var/www/cake/lib/Cake/Routing/Dispatcher.php(86): Dispatcher->_invoke(Object(UsersController), Object(CakeRequest), Object(CakeResponse))
#2 /var/www/cake/app/webroot/index.php(96): Dispatcher->dispatch(Object(CakeRequest), Object(CakeResponse))
#3 {main}
2012-03-30 04:13:41 Error: [MissingControllerException] Controller class Default.cssController could not be found.
#0 /var/www/cake/app/webroot/index.php(96): Dispatcher->dispatch(Object(CakeRequest), Object(CakeResponse))
#1 {main}
2012-03-30 04:13:57 Error: [MissingControllerException] Controller class Default.cssController could not be found.
#0 /var/www/cake/app/webroot/index.php(96): Dispatcher->dispatch(Object(CakeRequest), Object(CakeResponse))
#1 {main}
2012-03-30 04:14:05 Error: [MissingActionException] Action UsersController::default.css() could not be found.
#0 /var/www/cake/lib/Cake/Routing/Dispatcher.php(104): Controller->invokeAction(Object(CakeRequest))
#1 /var/www/cake/lib/Cake/Routing/Dispatcher.php(86): Dispatcher->_invoke(Object(UsersController), Object(CakeRequest), Object(CakeResponse))
#2 /var/www/cake/app/webroot/index.php(96): Dispatcher->dispatch(Object(CakeRequest), Object(CakeResponse))
#3 {main}
2012-03-30 04:14:09 Error: [MissingActionException] Action UsersController::default.css() could not be found.
#0 /var/www/cake/lib/Cake/Routing/Dispatcher.php(104): Controller->invokeAction(Object(CakeRequest))
#1 /var/www/cake/lib/Cake/Routing/Dispatcher.php(86): Dispatcher->_invoke(Object(UsersController), Object(CakeRequest), Object(CakeResponse))
#2 /var/www/cake/app/webroot/index.php(96): Dispatcher->dispatch(Object(CakeRequest), Object(CakeResponse))
#3 {main}
2012-03-30 04:14:31 Error: [MissingActionException] Action UsersController::default.css() could not be found.
#0 /var/www/cake/lib/Cake/Routing/Dispatcher.php(104): Controller->invokeAction(Object(CakeRequest))
#1 /var/www/cake/lib/Cake/Routing/Dispatcher.php(86): Dispatcher->_invoke(Object(UsersController), Object(CakeRequest), Object(CakeResponse))
#2 /var/www/cake/app/webroot/index.php(96): Dispatcher->dispatch(Object(CakeRequest), Object(CakeResponse))
#3 {main}
2012-03-30 04:14:36 Error: [MissingActionException] Action UsersController::default.css() could not be found.
#0 /var/www/cake/lib/Cake/Routing/Dispatcher.php(104): Controller->invokeAction(Object(CakeRequest))
#1 /var/www/cake/lib/Cake/Routing/Dispatcher.php(86): Dispatcher->_invoke(Object(UsersController), Object(CakeRequest), Object(CakeResponse))
#2 /var/www/cake/app/webroot/index.php(96): Dispatcher->dispatch(Object(CakeRequest), Object(CakeResponse))
#3 {main}
2012-03-30 04:14:42 Error: [MissingControllerException] Controller class Default.cssController could not be found.
#0 /var/www/cake/app/webroot/index.php(96): Dispatcher->dispatch(Object(CakeRequest), Object(CakeResponse))
#1 {main}
2012-03-30 04:14:49 Error: [MissingActionException] Action UsersController::default.css() could not be found.
#0 /var/www/cake/lib/Cake/Routing/Dispatcher.php(104): Controller->invokeAction(Object(CakeRequest))
#1 /var/www/cake/lib/Cake/Routing/Dispatcher.php(86): Dispatcher->_invoke(Object(UsersController), Object(CakeRequest), Object(CakeResponse))
#2 /var/www/cake/app/webroot/index.php(96): Dispatcher->dispatch(Object(CakeRequest), Object(CakeResponse))
#3 {main}
2012-03-30 04:14:53 Error: [MissingControllerException] Controller class Default.cssController could not be found.
#0 /var/www/cake/app/webroot/index.php(96): Dispatcher->dispatch(Object(CakeRequest), Object(CakeResponse))
#1 {main}
2012-03-30 04:15:01 Error: [MissingControllerException] Controller class Default.cssController could not be found.
#0 /var/www/cake/app/webroot/index.php(96): Dispatcher->dispatch(Object(CakeRequest), Object(CakeResponse))
#1 {main}
2012-03-30 04:15:03 Error: [MissingControllerException] Controller class Default.cssController could not be found.
#0 /var/www/cake/app/webroot/index.php(96): Dispatcher->dispatch(Object(CakeRequest), Object(CakeResponse))
#1 {main}
2012-03-30 04:15:04 Error: [MissingActionException] Action UsersController::default.css() could not be found.
#0 /var/www/cake/lib/Cake/Routing/Dispatcher.php(104): Controller->invokeAction(Object(CakeRequest))
#1 /var/www/cake/lib/Cake/Routing/Dispatcher.php(86): Dispatcher->_invoke(Object(UsersController), Object(CakeRequest), Object(CakeResponse))
#2 /var/www/cake/app/webroot/index.php(96): Dispatcher->dispatch(Object(CakeRequest), Object(CakeResponse))
#3 {main}
2012-03-30 04:15:07 Error: [MissingControllerException] Controller class Default.cssController could not be found.
#0 /var/www/cake/app/webroot/index.php(96): Dispatcher->dispatch(Object(CakeRequest), Object(CakeResponse))
#1 {main}
2012-03-30 04:16:10 Error: [MissingControllerException] Controller class Default.cssController could not be found.
#0 /var/www/cake/app/webroot/index.php(96): Dispatcher->dispatch(Object(CakeRequest), Object(CakeResponse))
#1 {main}
2012-03-30 04:16:12 Error: [MissingActionException] Action UsersController::default.css() could not be found.
#0 /var/www/cake/lib/Cake/Routing/Dispatcher.php(104): Controller->invokeAction(Object(CakeRequest))
#1 /var/www/cake/lib/Cake/Routing/Dispatcher.php(86): Dispatcher->_invoke(Object(UsersController), Object(CakeRequest), Object(CakeResponse))
#2 /var/www/cake/app/webroot/index.php(96): Dispatcher->dispatch(Object(CakeRequest), Object(CakeResponse))
#3 {main}
2012-03-30 04:16:15 Error: [MissingControllerException] Controller class Default.cssController could not be found.
#0 /var/www/cake/app/webroot/index.php(96): Dispatcher->dispatch(Object(CakeRequest), Object(CakeResponse))
#1 {main}
2012-03-30 04:18:57 Error: [MissingControllerException] Controller class Default.cssController could not be found.
#0 /var/www/cake/app/webroot/index.php(96): Dispatcher->dispatch(Object(CakeRequest), Object(CakeResponse))
#1 {main}
2012-03-30 04:20:00 Error: [MissingControllerException] Controller class Default.cssController could not be found.
#0 /var/www/cake/app/webroot/index.php(96): Dispatcher->dispatch(Object(CakeRequest), Object(CakeResponse))
#1 {main}
2012-03-30 04:20:12 Error: [MissingControllerException] Controller class Default.cssController could not be found.
#0 /var/www/cake/app/webroot/index.php(96): Dispatcher->dispatch(Object(CakeRequest), Object(CakeResponse))
#1 {main}
2012-03-30 04:20:32 Error: [MissingControllerException] Controller class Default.cssController could not be found.
#0 /var/www/cake/app/webroot/index.php(96): Dispatcher->dispatch(Object(CakeRequest), Object(CakeResponse))
#1 {main}
2012-03-30 04:20:46 Error: [MissingControllerException] Controller class Default.cssController could not be found.
#0 /var/www/cake/app/webroot/index.php(96): Dispatcher->dispatch(Object(CakeRequest), Object(CakeResponse))
#1 {main}
2012-03-30 04:20:52 Error: [MissingActionException] Action UsersController::default.css() could not be found.
#0 /var/www/cake/lib/Cake/Routing/Dispatcher.php(104): Controller->invokeAction(Object(CakeRequest))
#1 /var/www/cake/lib/Cake/Routing/Dispatcher.php(86): Dispatcher->_invoke(Object(UsersController), Object(CakeRequest), Object(CakeResponse))
#2 /var/www/cake/app/webroot/index.php(96): Dispatcher->dispatch(Object(CakeRequest), Object(CakeResponse))
#3 {main}
